info: ::1 - - [09/Jan/2023:09:23:07 +0000] "GET /api/v1/users/signup HTTP/1.1" 500 128 "-" "PostmanRuntime/7.30.0"

info: ::1 - - [09/Jan/2023:09:24:10 +0000] "POST /api/v1/users/signup HTTP/1.1" 500 56 "-" "PostmanRuntime/7.30.0"

info: ::1 - - [09/Jan/2023:09:30:05 +0000] "POST /api/v1/users/signup HTTP/1.1" 201 297 "-" "PostmanRuntime/7.30.0"

info: ::1 - - [09/Jan/2023:09:32:22 +0000] "POST /api/v1/users/signup HTTP/1.1" 500 56 "-" "PostmanRuntime/7.30.0"

info: ::1 - - [09/Jan/2023:10:55:09 +0000] "POST /api/v1/users/signup HTTP/1.1" 500 56 "-" "PostmanRuntime/7.30.0"

info: ::1 - - [09/Jan/2023:14:15:51 +0000] "POST /api/v1/users/signup HTTP/1.1" 500 56 "-" "PostmanRuntime/7.30.0"

info: ::1 - - [09/Jan/2023:14:17:35 +0000] "POST /api/v1/users/signup HTTP/1.1" 201 345 "-" "PostmanRuntime/7.30.0"

info: ::1 - - [09/Jan/2023:14:22:37 +0000] "POST /api/v1/users/signin HTTP/1.1" 500 84 "-" "PostmanRuntime/7.30.0"

info: ::1 - - [09/Jan/2023:14:24:08 +0000] "POST /api/v1/users/signin HTTP/1.1" 500 84 "-" "PostmanRuntime/7.30.0"

info: ::1 - - [09/Jan/2023:14:25:10 +0000] "POST /api/v1/users/signin HTTP/1.1" 500 84 "-" "PostmanRuntime/7.30.0"

info: ::1 - - [09/Jan/2023:14:27:03 +0000] "POST /api/v1/users/signin HTTP/1.1" 500 84 "-" "PostmanRuntime/7.30.0"

info: ::1 - - [09/Jan/2023:14:28:39 +0000] "POST /api/v1/users/signin HTTP/1.1" 500 84 "-" "PostmanRuntime/7.30.0"

info: ::1 - - [09/Jan/2023:14:31:24 +0000] "POST /api/v1/users/signin HTTP/1.1" 500 84 "-" "PostmanRuntime/7.30.0"

info: ::1 - - [09/Jan/2023:14:32:08 +0000] "POST /api/v1/users/signin HTTP/1.1" 200 265 "-" "PostmanRuntime/7.30.0"

info: ::1 - - [09/Jan/2023:14:33:40 +0000] "POST /api/v1/users/signin HTTP/1.1" 200 265 "-" "PostmanRuntime/7.30.0"

info: ::1 - - [09/Jan/2023:14:34:35 +0000] "POST /api/v1/users/signin HTTP/1.1" 500 60 "-" "PostmanRuntime/7.30.0"

info: ::1 - - [09/Jan/2023:14:34:42 +0000] "POST /api/v1/users/signin HTTP/1.1" 200 265 "-" "PostmanRuntime/7.30.0"

info: ::1 - - [09/Jan/2023:14:36:30 +0000] "POST /api/v1/users/signin HTTP/1.1" 200 265 "-" "PostmanRuntime/7.30.0"

info: ::1 - - [09/Jan/2023:14:36:49 +0000] "POST /api/v1/users/signin HTTP/1.1" 500 60 "-" "PostmanRuntime/7.30.0"

info: ::1 - - [09/Jan/2023:14:37:15 +0000] "POST /api/v1/users/signin HTTP/1.1" 500 84 "-" "PostmanRuntime/7.30.0"

info: ::1 - - [09/Jan/2023:14:37:37 +0000] "POST /api/v1/users/signin HTTP/1.1" 200 265 "-" "PostmanRuntime/7.30.0"

info: ::1 - - [09/Jan/2023:14:38:55 +0000] "POST /api/v1/users/signin HTTP/1.1" 200 265 "-" "PostmanRuntime/7.30.0"

info: ::1 - - [09/Jan/2023:14:59:57 +0000] "POST /api/v1/users/forgot HTTP/1.1" 500 58 "-" "PostmanRuntime/7.30.0"

info: ::1 - - [09/Jan/2023:15:03:17 +0000] "POST /api/v1/users/forgot HTTP/1.1" 200 271 "-" "PostmanRuntime/7.30.0"

info: ::1 - - [09/Jan/2023:15:29:14 +0000] "PUT /api/v1/users/reset HTTP/1.1" 201 66 "-" "PostmanRuntime/7.30.0"

info: ::1 - - [09/Jan/2023:15:31:42 +0000] "POST /api/v1/users/signup HTTP/1.1" 500 69 "-" "PostmanRuntime/7.30.0"

info: ::1 - - [09/Jan/2023:15:31:54 +0000] "POST /api/v1/users/signup HTTP/1.1" 201 315 "-" "PostmanRuntime/7.30.0"

info: ::1 - - [09/Jan/2023:15:32:04 +0000] "POST /api/v1/users/signin HTTP/1.1" 200 265 "-" "PostmanRuntime/7.30.0"

info: ::1 - - [09/Jan/2023:15:32:14 +0000] "POST /api/v1/users/forgot HTTP/1.1" 200 271 "-" "PostmanRuntime/7.30.0"

info: ::1 - - [09/Jan/2023:15:32:34 +0000] "PUT /api/v1/users/reset HTTP/1.1" 201 66 "-" "PostmanRuntime/7.30.0"

info: ::1 - - [09/Jan/2023:15:33:01 +0000] "POST /api/v1/users/signin HTTP/1.1" 200 265 "-" "PostmanRuntime/7.30.0"

info: ::1 - - [09/Jan/2023:15:33:17 +0000] "POST /api/v1/users/signin HTTP/1.1" 200 265 "-" "PostmanRuntime/7.30.0"

info: ::1 - - [09/Jan/2023:15:35:33 +0000] "PUT /api/v1/users/reset HTTP/1.1" 201 66 "-" "PostmanRuntime/7.30.0"

info: ::1 - - [09/Jan/2023:15:38:34 +0000] "PUT /api/v1/users/reset HTTP/1.1" 500 86 "-" "PostmanRuntime/7.30.0"

