info: ::1 - - [10/Jan/2023:02:18:46 +0000] "POST /api/v1/users/forgotpassword HTTP/1.1" 404 47 "-" "PostmanRuntime/7.30.0"

info: ::1 - - [10/Jan/2023:02:19:56 +0000] "POST /api/v1/users/login HTTP/1.1" 404 47 "-" "PostmanRuntime/7.30.0"

info: ::1 - - [10/Jan/2023:02:20:33 +0000] "POST /api/v1/users/signin HTTP/1.1" 200 265 "-" "PostmanRuntime/7.30.0"

info: ::1 - - [10/Jan/2023:02:20:57 +0000] "POST /api/v1/users/forgot HTTP/1.1" 200 271 "-" "PostmanRuntime/7.30.0"

info: ::1 - - [10/Jan/2023:02:21:36 +0000] "PUT /api/v1/users/reset HTTP/1.1" 201 319 "-" "PostmanRuntime/7.30.0"

info: ::1 - - [10/Jan/2023:02:21:50 +0000] "POST /api/v1/users/signin HTTP/1.1" 500 60 "-" "PostmanRuntime/7.30.0"

info: ::1 - - [10/Jan/2023:02:22:08 +0000] "POST /api/v1/users/signin HTTP/1.1" 200 265 "-" "PostmanRuntime/7.30.0"

info: ::1 - - [10/Jan/2023:03:03:59 +0000] "PUT /api/v1/users/reset HTTP/1.1" 201 319 "-" "PostmanRuntime/7.30.0"

info: ::1 - - [10/Jan/2023:03:05:36 +0000] "PUT /api/v1/users/reset HTTP/1.1" 201 319 "-" "PostmanRuntime/7.30.0"

info: ::1 - - [10/Jan/2023:03:07:29 +0000] "PUT /api/v1/users/reset HTTP/1.1" 201 319 "-" "PostmanRuntime/7.30.0"

info: ::1 - - [10/Jan/2023:03:08:50 +0000] "PUT /api/v1/users/reset HTTP/1.1" 201 319 "-" "PostmanRuntime/7.30.0"

info: ::1 - - [10/Jan/2023:04:24:06 +0000] "GET /api/v1/book/allbook HTTP/1.1" 500 76 "-" "PostmanRuntime/7.30.0"

info: ::1 - - [10/Jan/2023:04:24:54 +0000] "GET /api/v1/book/allbook HTTP/1.1" 200 65 "-" "PostmanRuntime/7.30.0"

info: ::1 - - [10/Jan/2023:04:28:43 +0000] "GET /api/v1/book/allbook HTTP/1.1" 200 9282 "-" "PostmanRuntime/7.30.0"

info: ::1 - - [10/Jan/2023:04:30:25 +0000] "GET /api/v1/book/allbook HTTP/1.1" 200 9282 "-" "PostmanRuntime/7.30.0"

info: ::1 - - [10/Jan/2023:04:36:45 +0000] "GET /api/v1/book/6214803b05253301a4fda584 HTTP/1.1" 201 1350 "-" "PostmanRuntime/7.30.0"

info: ::1 - - [10/Jan/2023:04:37:13 +0000] "GET /api/v1/book/6215178d05253301a4fda5c4 HTTP/1.1" 201 402 "-" "PostmanRuntime/7.30.0"

info: ::1 - - [10/Jan/2023:04:43:07 +0000] "GET /api/v1/book/6215178d05253301a4fda5c4 HTTP/1.1" 201 402 "-" "PostmanRuntime/7.30.0"

info: ::1 - - [10/Jan/2023:09:07:27 +0000] "POST /api/v1/users/signin HTTP/1.1" 200 265 "-" "PostmanRuntime/7.30.0"

info: ::1 - - [10/Jan/2023:09:09:28 +0000] "POST /api/v1/users/signup HTTP/1.1" 500 60 "-" "PostmanRuntime/7.30.0"

info: ::1 - - [10/Jan/2023:09:10:01 +0000] "POST /api/v1/cart/creat HTTP/1.1" 500 78 "-" "PostmanRuntime/7.30.0"

info: ::1 - - [10/Jan/2023:09:11:04 +0000] "POST /api/v1/cart/creat HTTP/1.1" 200 1345 "-" "PostmanRuntime/7.30.0"

info: ::1 - - [10/Jan/2023:09:13:05 +0000] "POST /api/v1/cart/creat HTTP/1.1" 200 1345 "-" "PostmanRuntime/7.30.0"

info: ::1 - - [10/Jan/2023:09:14:26 +0000] "POST /api/v1/cart/creat HTTP/1.1" 500 89 "-" "PostmanRuntime/7.30.0"

info: ::1 - - [10/Jan/2023:09:14:58 +0000] "POST /api/v1/cart/creat HTTP/1.1" 500 89 "-" "PostmanRuntime/7.30.0"

info: ::1 - - [10/Jan/2023:09:17:08 +0000] "POST /api/v1/cart/creat HTTP/1.1" 200 1345 "-" "PostmanRuntime/7.30.0"

info: ::1 - - [10/Jan/2023:09:18:08 +0000] "POST /api/v1/cart/creat HTTP/1.1" 200 68 "-" "PostmanRuntime/7.30.0"

info: ::1 - - [10/Jan/2023:09:20:24 +0000] "POST /api/v1/cart/creat HTTP/1.1" 200 68 "-" "PostmanRuntime/7.30.0"

info: ::1 - - [10/Jan/2023:09:20:57 +0000] "POST /api/v1/cart/creat HTTP/1.1" 200 66 "-" "PostmanRuntime/7.30.0"

info: ::1 - - [10/Jan/2023:09:26:39 +0000] "POST /api/v1/cart/6215178d05253301a4fda5c4 HTTP/1.1" 500 52 "-" "PostmanRuntime/7.30.0"

info: ::1 - - [10/Jan/2023:09:27:24 +0000] "POST /api/v1/cart/6215178d05253301a4fda5c4 HTTP/1.1" 200 399 "-" "PostmanRuntime/7.30.0"

info: ::1 - - [10/Jan/2023:09:48:11 +0000] "POST /api/v1/cart/6215178d05253301a4fda5c4 HTTP/1.1" 200 399 "-" "PostmanRuntime/7.30.0"

info: ::1 - - [10/Jan/2023:09:50:12 +0000] "POST /api/v1/cart/6215178d05253301a4fda5c4 HTTP/1.1" 200 399 "-" "PostmanRuntime/7.30.0"

info: ::1 - - [10/Jan/2023:10:16:26 +0000] "POST /api/v1/cart/6215178d05253301a4fda5c4 HTTP/1.1" 200 210 "-" "PostmanRuntime/7.30.0"

info: ::1 - - [10/Jan/2023:10:18:52 +0000] "POST /api/v1/cart/6215178d05253301a4fda5c4 HTTP/1.1" 200 210 "-" "PostmanRuntime/7.30.0"

info: ::1 - - [10/Jan/2023:10:20:41 +0000] "POST /api/v1/cart/6215178d05253301a4fda5c4 HTTP/1.1" 200 210 "-" "PostmanRuntime/7.30.0"

info: ::1 - - [10/Jan/2023:10:24:09 +0000] "POST /api/v1/cart/6215178d05253301a4fda5c4 HTTP/1.1" 200 210 "-" "PostmanRuntime/7.30.0"

info: ::1 - - [10/Jan/2023:10:24:39 +0000] "POST /api/v1/cart/6215178d05253301a4fda5c4 HTTP/1.1" 200 210 "-" "PostmanRuntime/7.30.0"

info: ::1 - - [10/Jan/2023:10:25:35 +0000] "POST /api/v1/cart/6215178d05253301a4fda5c4 HTTP/1.1" 200 210 "-" "PostmanRuntime/7.30.0"

info: ::1 - - [10/Jan/2023:10:27:04 +0000] "POST /api/v1/cart/6215178d05253301a4fda5c4 HTTP/1.1" 200 210 "-" "PostmanRuntime/7.30.0"

info: ::1 - - [10/Jan/2023:10:28:06 +0000] "POST /api/v1/cart/6215178d05253301a4fda5c4 HTTP/1.1" 200 210 "-" "PostmanRuntime/7.30.0"

info: ::1 - - [10/Jan/2023:10:31:20 +0000] "POST /api/v1/cart/6215178d05253301a4fda5c4 HTTP/1.1" 200 210 "-" "PostmanRuntime/7.30.0"

info: ::1 - - [10/Jan/2023:10:37:40 +0000] "POST /api/v1/cart/6215178d05253301a4fda5c4 HTTP/1.1" 200 210 "-" "PostmanRuntime/7.30.0"

info: ::1 - - [10/Jan/2023:10:38:56 +0000] "POST /api/v1/cart/6215178d05253301a4fda5c4 HTTP/1.1" 200 364 "-" "PostmanRuntime/7.30.0"

info: ::1 - - [10/Jan/2023:10:53:34 +0000] "POST /api/v1/cart/6215178d05253301a4fda5c4 HTTP/1.1" 200 364 "-" "PostmanRuntime/7.30.0"

info: ::1 - - [10/Jan/2023:10:53:51 +0000] "POST /api/v1/cart/6215178d05253301a4fda5c4 HTTP/1.1" 500 87 "-" "PostmanRuntime/7.30.0"

info: ::1 - - [10/Jan/2023:10:55:40 +0000] "POST /api/v1/cart/6215178d05253301a4fda5c4 HTTP/1.1" 200 56 "-" "PostmanRuntime/7.30.0"

info: ::1 - - [10/Jan/2023:10:57:29 +0000] "POST /api/v1/cart/6215178d05253301a4fda5c4 HTTP/1.1" 200 56 "-" "PostmanRuntime/7.30.0"

info: ::1 - - [10/Jan/2023:10:58:09 +0000] "POST /api/v1/cart/6215178d05253301a4fda5c4 HTTP/1.1" 200 56 "-" "PostmanRuntime/7.30.0"

info: ::1 - - [10/Jan/2023:10:59:57 +0000] "POST /api/v1/cart/6215178d05253301a4fda5c4 HTTP/1.1" 200 56 "-" "PostmanRuntime/7.30.0"

info: ::1 - - [10/Jan/2023:11:01:35 +0000] "POST /api/v1/cart/6215178d05253301a4fda5c4 HTTP/1.1" 200 56 "-" "PostmanRuntime/7.30.0"

info: ::1 - - [10/Jan/2023:11:02:15 +0000] "POST /api/v1/cart/6215178d05253301a4fda5c4 HTTP/1.1" 200 56 "-" "PostmanRuntime/7.30.0"

info: ::1 - - [10/Jan/2023:11:02:37 +0000] "POST /api/v1/cart/6215178d05253301a4fda5c4 HTTP/1.1" 200 56 "-" "PostmanRuntime/7.30.0"

info: ::1 - - [10/Jan/2023:11:03:41 +0000] "POST /api/v1/cart/6215178d05253301a4fda5c4 HTTP/1.1" 200 56 "-" "PostmanRuntime/7.30.0"

info: ::1 - - [10/Jan/2023:11:07:36 +0000] "POST /api/v1/cart/6215178d05253301a4fda5c4 HTTP/1.1" 200 364 "-" "PostmanRuntime/7.30.0"

info: ::1 - - [10/Jan/2023:11:09:19 +0000] "POST /api/v1/cart/6215178d05253301a4fda5c4 HTTP/1.1" 200 364 "-" "PostmanRuntime/7.30.0"

info: ::1 - - [10/Jan/2023:11:10:51 +0000] "POST /api/v1/cart/6215178d05253301a4fda5c4 HTTP/1.1" 200 364 "-" "PostmanRuntime/7.30.0"

info: ::1 - - [10/Jan/2023:11:11:45 +0000] "POST /api/v1/cart/6215178d05253301a4fda5c4 HTTP/1.1" 200 364 "-" "PostmanRuntime/7.30.0"

info: ::1 - - [10/Jan/2023:11:12:50 +0000] "POST /api/v1/cart/6215178d05253301a4fda5c4 HTTP/1.1" 200 364 "-" "PostmanRuntime/7.30.0"

info: ::1 - - [10/Jan/2023:11:13:26 +0000] "POST /api/v1/cart/6215178d05253301a4fda5c4 HTTP/1.1" 500 86 "-" "PostmanRuntime/7.30.0"

info: ::1 - - [10/Jan/2023:11:14:10 +0000] "POST /api/v1/cart/6215178d05253301a4fda5c4 HTTP/1.1" 500 83 "-" "PostmanRuntime/7.30.0"

info: ::1 - - [10/Jan/2023:11:16:36 +0000] "POST /api/v1/cart/6215178d05253301a4fda5c4 HTTP/1.1" 200 364 "-" "PostmanRuntime/7.30.0"

info: ::1 - - [10/Jan/2023:11:17:11 +0000] "POST /api/v1/cart/6215178d05253301a4fda5c4 HTTP/1.1" 200 56 "-" "PostmanRuntime/7.30.0"

info: ::1 - - [10/Jan/2023:11:17:48 +0000] "POST /api/v1/cart/6215178d05253301a4fda5c4 HTTP/1.1" 200 56 "-" "PostmanRuntime/7.30.0"

info: ::1 - - [10/Jan/2023:11:23:12 +0000] "POST /api/v1/cart/6215178d05253301a4fda5c4 HTTP/1.1" 200 365 "-" "PostmanRuntime/7.30.0"

info: ::1 - - [10/Jan/2023:11:30:27 +0000] "POST /api/v1/cart/6215888305253301a4fda5cd HTTP/1.1" 500 91 "-" "PostmanRuntime/7.30.0"

info: ::1 - - [10/Jan/2023:11:31:59 +0000] "POST /api/v1/cart/6215888305253301a4fda5cd HTTP/1.1" 500 91 "-" "PostmanRuntime/7.30.0"

info: ::1 - - [10/Jan/2023:11:38:15 +0000] "POST /api/v1/cart/6215178d05253301a4fda5c4 HTTP/1.1" 200 413 "-" "PostmanRuntime/7.30.0"

info: ::1 - - [10/Jan/2023:11:38:37 +0000] "POST /api/v1/cart/6215178d05253301a4fda5c4 HTTP/1.1" 200 413 "-" "PostmanRuntime/7.30.0"

info: ::1 - - [10/Jan/2023:11:43:34 +0000] "POST /api/v1/cart/6215178d05253301a4fda5c4 HTTP/1.1" 200 413 "-" "PostmanRuntime/7.30.0"

info: ::1 - - [10/Jan/2023:11:44:47 +0000] "POST /api/v1/cart/6215178d05253301a4fda5c4 HTTP/1.1" 500 71 "-" "PostmanRuntime/7.30.0"

info: ::1 - - [10/Jan/2023:11:46:02 +0000] "POST /api/v1/cart/6215178d05253301a4fda5c4 HTTP/1.1" 200 365 "-" "PostmanRuntime/7.30.0"

info: ::1 - - [10/Jan/2023:11:48:19 +0000] "POST /api/v1/cart/6215178d05253301a4fda5c4 HTTP/1.1" 200 365 "-" "PostmanRuntime/7.30.0"

info: ::1 - - [10/Jan/2023:11:56:01 +0000] "POST /api/v1/cart/6215178d05253301a4fda5c4 HTTP/1.1" 200 365 "-" "PostmanRuntime/7.30.0"

info: ::1 - - [10/Jan/2023:11:56:04 +0000] "POST /api/v1/cart/6215178d05253301a4fda5c4 HTTP/1.1" 200 365 "-" "PostmanRuntime/7.30.0"

info: ::1 - - [10/Jan/2023:12:01:24 +0000] "POST /api/v1/cart/621588f105253301a4fda5d0 HTTP/1.1" 200 523 "-" "PostmanRuntime/7.30.0"

info: ::1 - - [10/Jan/2023:12:01:52 +0000] "POST /api/v1/cart/621588f105253301a4fda5d0 HTTP/1.1" 200 523 "-" "PostmanRuntime/7.30.0"

info: ::1 - - [10/Jan/2023:12:04:11 +0000] "POST /api/v1/cart/621588d505253301a4fda5cf HTTP/1.1" 200 693 "-" "PostmanRuntime/7.30.0"

info: ::1 - - [10/Jan/2023:12:07:54 +0000] "POST /api/v1/cart/621588d505253301a4fda5cf HTTP/1.1" 200 349 "-" "PostmanRuntime/7.30.0"

info: ::1 - - [10/Jan/2023:12:08:14 +0000] "POST /api/v1/cart/621588d505253301a4fda5cf HTTP/1.1" 200 350 "-" "PostmanRuntime/7.30.0"

info: ::1 - - [10/Jan/2023:12:08:35 +0000] "POST /api/v1/cart/621588d505253301a4fda5cf HTTP/1.1" 200 350 "-" "PostmanRuntime/7.30.0"

info: ::1 - - [10/Jan/2023:12:08:42 +0000] "POST /api/v1/cart/6215178d05253301a4fda5c4 HTTP/1.1" 200 535 "-" "PostmanRuntime/7.30.0"

info: ::1 - - [10/Jan/2023:12:08:47 +0000] "POST /api/v1/cart/6215178d05253301a4fda5c4 HTTP/1.1" 200 535 "-" "PostmanRuntime/7.30.0"

