info: ::1 - - [11/Jan/2023:05:46:59 +0000] "POST /api/v1/cart/6215178d05253301a4fda5c4 HTTP/1.1" 200 535 "-" "PostmanRuntime/7.30.0"

info: ::1 - - [11/Jan/2023:05:47:07 +0000] "POST /api/v1/cart/6215178d05253301a4fda5c4 HTTP/1.1" 200 535 "-" "PostmanRuntime/7.30.0"

info: ::1 - - [11/Jan/2023:08:14:50 +0000] "POST /api/v1/users/signup HTTP/1.1" 201 321 "-" "PostmanRuntime/7.30.0"

info: ::1 - - [11/Jan/2023:08:15:44 +0000] "POST /api/v1/users/signin HTTP/1.1" 200 273 "-" "PostmanRuntime/7.30.0"

info: ::1 - - [11/Jan/2023:08:17:02 +0000] "POST /api/v1/cart/621588d505253301a4fda5cf HTTP/1.1" 200 354 "-" "PostmanRuntime/7.30.0"

info: ::1 - - [11/Jan/2023:08:17:46 +0000] "POST /api/v1/cart/6215890d05253301a4fda5d1 HTTP/1.1" 200 506 "-" "PostmanRuntime/7.30.0"

info: ::1 - - [11/Jan/2023:08:17:59 +0000] "POST /api/v1/cart/621588d505253301a4fda5cf HTTP/1.1" 200 506 "-" "PostmanRuntime/7.30.0"

info: ::1 - - [11/Jan/2023:08:18:11 +0000] "POST /api/v1/cart/6215890d05253301a4fda5d1 HTTP/1.1" 200 506 "-" "PostmanRuntime/7.30.0"

info: ::1 - - [11/Jan/2023:08:18:41 +0000] "POST /api/v1/cart/6215892405253301a4fda5d2 HTTP/1.1" 200 648 "-" "PostmanRuntime/7.30.0"

info: ::1 - - [11/Jan/2023:08:23:23 +0000] "POST /api/v1/cart/6215893e05253301a4fda5d3 HTTP/1.1" 200 808 "-" "PostmanRuntime/7.30.0"

info: ::1 - - [11/Jan/2023:08:24:02 +0000] "POST /api/v1/cart/6215893e05253301a4fda5d3 HTTP/1.1" 200 808 "-" "PostmanRuntime/7.30.0"

info: ::1 - - [11/Jan/2023:08:29:17 +0000] "POST /api/v1/cart/remove/6215893e05253301a4fda5d3 HTTP/1.1" 200 227 "-" "PostmanRuntime/7.30.0"

info: ::1 - - [11/Jan/2023:08:29:30 +0000] "POST /api/v1/cart/remove/6215893e05253301a4fda5 HTTP/1.1" 200 60 "-" "PostmanRuntime/7.30.0"

info: ::1 - - [11/Jan/2023:08:40:50 +0000] "POST /api/v1/cart//6215893e05253301a4fda5d HTTP/1.1" 500 146 "-" "PostmanRuntime/7.30.0"

info: ::1 - - [11/Jan/2023:08:41:06 +0000] "POST /api/v1/cart//6215893e05253301a4fda5d3 HTTP/1.1" 200 808 "-" "PostmanRuntime/7.30.0"

info: ::1 - - [11/Jan/2023:08:41:26 +0000] "POST /api/v1/cart//6215893e05253301a4fda5d3 HTTP/1.1" 200 808 "-" "PostmanRuntime/7.30.0"

info: ::1 - - [11/Jan/2023:08:42:15 +0000] "POST /api/v1/cart/remove/6215893e05253301a4fda5d3 HTTP/1.1" 200 812 "-" "PostmanRuntime/7.30.0"

info: ::1 - - [11/Jan/2023:08:42:27 +0000] "POST /api/v1/cart/remove/6215893e05253301a4fda5d3 HTTP/1.1" 200 812 "-" "PostmanRuntime/7.30.0"

info: ::1 - - [11/Jan/2023:08:43:01 +0000] "POST /api/v1/cart/6215893e05253301a4fda5d3 HTTP/1.1" 200 808 "-" "PostmanRuntime/7.30.0"

info: ::1 - - [11/Jan/2023:08:43:18 +0000] "POST /api/v1/cart/remove/6215893e05253301a4fda5d3 HTTP/1.1" 200 812 "-" "PostmanRuntime/7.30.0"

info: ::1 - - [11/Jan/2023:09:04:16 +0000] "POST /api/v1/cart/remove/6215892405253301a4fda5d2 HTTP/1.1" 200 60 "-" "PostmanRuntime/7.30.0"

info: ::1 - - [11/Jan/2023:09:07:56 +0000] "POST /api/v1/cart/remove/6215892405253301a4fda5d2 HTTP/1.1" 200 60 "-" "PostmanRuntime/7.30.0"

info: ::1 - - [11/Jan/2023:09:09:26 +0000] "POST /api/v1/cart/remove/6215892405253301a4fda5d2 HTTP/1.1" 200 60 "-" "PostmanRuntime/7.30.0"

info: ::1 - - [11/Jan/2023:09:11:08 +0000] "POST /api/v1/cart/remove/6215892405253301a4fda5d2 HTTP/1.1" 200 60 "-" "PostmanRuntime/7.30.0"

info: ::1 - - [11/Jan/2023:09:15:27 +0000] "POST /api/v1/cart/6215893e05253301a4fda5d3 HTTP/1.1" 200 808 "-" "PostmanRuntime/7.30.0"

info: ::1 - - [11/Jan/2023:09:20:56 +0000] "POST /api/v1/cart/remove/6215892405253301a4fda5d2 HTTP/1.1" 200 60 "-" "PostmanRuntime/7.30.0"

info: ::1 - - [11/Jan/2023:09:25:18 +0000] "POST /api/v1/cart/remove/6215892405253301a4fda5d2 HTTP/1.1" 200 692 "-" "PostmanRuntime/7.30.0"

info: ::1 - - [11/Jan/2023:09:27:56 +0000] "POST /api/v1/cart/remove/6215892405253301a4fda5d2 HTTP/1.1" 200 692 "-" "PostmanRuntime/7.30.0"

info: ::1 - - [11/Jan/2023:09:28:39 +0000] "POST /api/v1/cart/remove/6215892405253301a4fda5d2 HTTP/1.1" 200 692 "-" "PostmanRuntime/7.30.0"

info: ::1 - - [11/Jan/2023:09:31:08 +0000] "POST /api/v1/cart/remove/6215892405253301a4fda5d2 HTTP/1.1" 200 692 "-" "PostmanRuntime/7.30.0"

info: ::1 - - [11/Jan/2023:09:32:21 +0000] "POST /api/v1/cart/remove/6215892405253301a4fda5d2 HTTP/1.1" 200 692 "-" "PostmanRuntime/7.30.0"

info: ::1 - - [11/Jan/2023:09:33:08 +0000] "POST /api/v1/cart/remove/6215892405253301a4fda5d2 HTTP/1.1" 200 550 "-" "PostmanRuntime/7.30.0"

info: ::1 - - [11/Jan/2023:09:36:21 +0000] "POST /api/v1/cart/remove/6215892405253301a4fda5d2 HTTP/1.1" 200 812 "-" "PostmanRuntime/7.30.0"

info: ::1 - - [11/Jan/2023:09:39:33 +0000] "POST /api/v1/cart/remove/6215892405253301a4fda5d2 HTTP/1.1" 200 812 "-" "PostmanRuntime/7.30.0"

info: ::1 - - [11/Jan/2023:09:44:47 +0000] "POST /api/v1/cart/remove/6215892405253301a4fda5d2 HTTP/1.1" 200 211 "-" "PostmanRuntime/7.30.0"

info: ::1 - - [11/Jan/2023:09:46:43 +0000] "POST /api/v1/cart/remove/6215892405253301a4fda5d2 HTTP/1.1" 200 670 "-" "PostmanRuntime/7.30.0"

info: ::1 - - [11/Jan/2023:09:47:49 +0000] "POST /api/v1/cart/remove/6215892405253301a4fda5d2 HTTP/1.1" 200 670 "-" "PostmanRuntime/7.30.0"

info: ::1 - - [11/Jan/2023:09:49:11 +0000] "POST /api/v1/cart/6215892405253301a4fda5d2 HTTP/1.1" 200 808 "-" "PostmanRuntime/7.30.0"

info: ::1 - - [11/Jan/2023:09:49:32 +0000] "POST /api/v1/cart/remove/6215892405253301a4fda5d2 HTTP/1.1" 200 812 "-" "PostmanRuntime/7.30.0"

info: ::1 - - [11/Jan/2023:09:50:59 +0000] "POST /api/v1/cart/remove/6215892405253301a4fda5d2 HTTP/1.1" 200 812 "-" "PostmanRuntime/7.30.0"

info: ::1 - - [11/Jan/2023:09:52:52 +0000] "POST /api/v1/cart/remove/6215892405253301a4fda5d2 HTTP/1.1" 200 670 "-" "PostmanRuntime/7.30.0"

info: ::1 - - [11/Jan/2023:09:53:34 +0000] "POST /api/v1/cart/6215892405253301a4fda5d2 HTTP/1.1" 200 808 "-" "PostmanRuntime/7.30.0"

info: ::1 - - [11/Jan/2023:09:54:12 +0000] "POST /api/v1/cart/6215893e05253301a4fda5d3 HTTP/1.1" 200 808 "-" "PostmanRuntime/7.30.0"

info: ::1 - - [11/Jan/2023:09:55:06 +0000] "POST /api/v1/cart/621588f105253301a4fda5d0 HTTP/1.1" 200 966 "-" "PostmanRuntime/7.30.0"

info: ::1 - - [11/Jan/2023:09:55:55 +0000] "POST /api/v1/cart/remove/6215892405253301a4fda5d2 HTTP/1.1" 200 670 "-" "PostmanRuntime/7.30.0"

info: ::1 - - [11/Jan/2023:09:57:00 +0000] "POST /api/v1/cart/621588f105253301a4fda5d0 HTTP/1.1" 200 825 "-" "PostmanRuntime/7.30.0"

info: ::1 - - [11/Jan/2023:09:57:11 +0000] "POST /api/v1/cart/6215892405253301a4fda5d2 HTTP/1.1" 200 967 "-" "PostmanRuntime/7.30.0"

info: ::1 - - [11/Jan/2023:09:57:21 +0000] "POST /api/v1/cart/remove/6215892405253301a4fda5d2 HTTP/1.1" 200 829 "-" "PostmanRuntime/7.30.0"

info: ::1 - - [11/Jan/2023:09:57:31 +0000] "POST /api/v1/cart/6215892405253301a4fda5d2 HTTP/1.1" 200 968 "-" "PostmanRuntime/7.30.0"

info: ::1 - - [11/Jan/2023:09:57:42 +0000] "POST /api/v1/cart/remove/6215892405253301a4fda5d2 HTTP/1.1" 200 830 "-" "PostmanRuntime/7.30.0"

info: ::1 - - [11/Jan/2023:09:58:12 +0000] "POST /api/v1/cart/6215892405253301a4fda5d2 HTTP/1.1" 200 968 "-" "PostmanRuntime/7.30.0"

info: ::1 - - [11/Jan/2023:09:58:55 +0000] "POST /api/v1/cart/remove/6215892405253301a4fda5d2 HTTP/1.1" 200 830 "-" "PostmanRuntime/7.30.0"

info: ::1 - - [11/Jan/2023:09:59:19 +0000] "POST /api/v1/cart/6215892405253301a4fda5d2 HTTP/1.1" 200 968 "-" "PostmanRuntime/7.30.0"

info: ::1 - - [11/Jan/2023:10:02:29 +0000] "POST /api/v1/cart/remove/6215892405253301a4fda5d2 HTTP/1.1" 200 830 "-" "PostmanRuntime/7.30.0"

info: ::1 - - [11/Jan/2023:10:05:20 +0000] "POST /api/v1/cart/remove/6215892405253301a4fda5d2 HTTP/1.1" 500 91 "-" "PostmanRuntime/7.30.0"

info: ::1 - - [11/Jan/2023:10:05:58 +0000] "POST /api/v1/cart/remove/621588f105253301a4fda5d0 HTTP/1.1" 200 672 "-" "PostmanRuntime/7.30.0"

info: ::1 - - [11/Jan/2023:10:06:25 +0000] "POST /api/v1/cart/remove/621588f105253301a4fda5d0 HTTP/1.1" 500 91 "-" "PostmanRuntime/7.30.0"

info: ::1 - - [11/Jan/2023:10:06:45 +0000] "POST /api/v1/cart/remove/6215892405253301a4fda5d2 HTTP/1.1" 500 91 "-" "PostmanRuntime/7.30.0"

info: ::1 - - [11/Jan/2023:10:08:40 +0000] "POST /api/v1/cart/remove/621588d505253301a4fda5cf HTTP/1.1" 200 672 "-" "PostmanRuntime/7.30.0"

info: ::1 - - [11/Jan/2023:10:10:01 +0000] "POST /api/v1/cart/remove/621588d505253301a4fda5cf HTTP/1.1" 200 351 "-" "PostmanRuntime/7.30.0"

info: ::1 - - [11/Jan/2023:10:10:20 +0000] "POST /api/v1/cart/remove/6215893e05253301a4fda5d3 HTTP/1.1" 200 351 "-" "PostmanRuntime/7.30.0"

info: ::1 - - [11/Jan/2023:10:10:22 +0000] "POST /api/v1/cart/remove/6215893e05253301a4fda5d3 HTTP/1.1" 200 350 "-" "PostmanRuntime/7.30.0"

info: ::1 - - [11/Jan/2023:10:10:24 +0000] "POST /api/v1/cart/remove/6215893e05253301a4fda5d3 HTTP/1.1" 200 350 "-" "PostmanRuntime/7.30.0"

info: ::1 - - [11/Jan/2023:10:10:25 +0000] "POST /api/v1/cart/remove/6215893e05253301a4fda5d3 HTTP/1.1" 200 191 "-" "PostmanRuntime/7.30.0"

info: ::1 - - [11/Jan/2023:10:11:11 +0000] "POST /api/v1/users/signup HTTP/1.1" 500 56 "-" "PostmanRuntime/7.30.0"

info: ::1 - - [11/Jan/2023:10:11:35 +0000] "POST /api/v1/users/signin HTTP/1.1" 200 273 "-" "PostmanRuntime/7.30.0"

info: ::1 - - [11/Jan/2023:10:11:52 +0000] "POST /api/v1/cart/6215892405253301a4fda5d2 HTTP/1.1" 500 48 "-" "PostmanRuntime/7.30.0"

info: ::1 - - [11/Jan/2023:10:12:01 +0000] "POST /api/v1/users/signin HTTP/1.1" 200 273 "-" "PostmanRuntime/7.30.0"

info: ::1 - - [11/Jan/2023:10:12:20 +0000] "POST /api/v1/cart/6215892405253301a4fda5d2 HTTP/1.1" 200 329 "-" "PostmanRuntime/7.30.0"

info: ::1 - - [11/Jan/2023:10:13:04 +0000] "POST /api/v1/cart/6215892405253301a4fda5d2 HTTP/1.1" 200 327 "-" "PostmanRuntime/7.30.0"

info: ::1 - - [11/Jan/2023:10:13:17 +0000] "POST /api/v1/cart/6215892405253301a4fda5d2 HTTP/1.1" 200 327 "-" "PostmanRuntime/7.30.0"

info: ::1 - - [11/Jan/2023:10:13:52 +0000] "POST /api/v1/cart/6215178d05253301a4fda5c4 HTTP/1.1" 200 512 "-" "PostmanRuntime/7.30.0"

info: ::1 - - [11/Jan/2023:10:13:57 +0000] "POST /api/v1/cart/6215178d05253301a4fda5c4 HTTP/1.1" 200 512 "-" "PostmanRuntime/7.30.0"

info: ::1 - - [11/Jan/2023:10:15:03 +0000] "POST /api/v1/cart/621588af05253301a4fda5ce HTTP/1.1" 200 655 "-" "PostmanRuntime/7.30.0"

info: ::1 - - [11/Jan/2023:10:15:32 +0000] "POST /api/v1/cart/6215178d05253301a4fda5c4 HTTP/1.1" 200 655 "-" "PostmanRuntime/7.30.0"

info: ::1 - - [11/Jan/2023:10:16:11 +0000] "POST /api/v1/cart/621588f105253301a4fda5d0 HTTP/1.1" 200 813 "-" "PostmanRuntime/7.30.0"

info: ::1 - - [11/Jan/2023:10:17:31 +0000] "POST /api/v1/cart/remove/621588f105253301a4fda5d0 HTTP/1.1" 200 659 "-" "PostmanRuntime/7.30.0"

info: ::1 - - [11/Jan/2023:10:17:58 +0000] "POST /api/v1/cart/621588f105253301a4fda5d0 HTTP/1.1" 200 813 "-" "PostmanRuntime/7.30.0"

info: ::1 - - [11/Jan/2023:10:20:40 +0000] "POST /api/v1/cart/remove/6215178d05253301a4fda5c4 HTTP/1.1" 200 817 "-" "PostmanRuntime/7.30.0"

info: ::1 - - [11/Jan/2023:10:21:05 +0000] "POST /api/v1/cart/remove/6215178d05253301a4fda5c4 HTTP/1.1" 200 817 "-" "PostmanRuntime/7.30.0"

info: ::1 - - [11/Jan/2023:10:22:05 +0000] "POST /api/v1/cart/6215178d05253301a4fda5c4 HTTP/1.1" 200 813 "-" "PostmanRuntime/7.30.0"

info: ::1 - - [11/Jan/2023:10:36:59 +0000] "POST /api/v1/cart/remove/6215178d05253301a4fda5 HTTP/1.1" 500 91 "-" "PostmanRuntime/7.30.0"

info: ::1 - - [11/Jan/2023:10:37:52 +0000] "POST /api/v1/cart/remove/6215178d05253301a4fda5 HTTP/1.1" 500 91 "-" "PostmanRuntime/7.30.0"

info: ::1 - - [11/Jan/2023:10:39:06 +0000] "POST /api/v1/cart/remove/6215178d05253301a4fda5 HTTP/1.1" 500 57 "-" "PostmanRuntime/7.30.0"

info: ::1 - - [11/Jan/2023:10:40:02 +0000] "POST /api/v1/cart/6215178d05253301a4fda5c4 HTTP/1.1" 200 813 "-" "PostmanRuntime/7.30.0"

info: ::1 - - [11/Jan/2023:10:40:46 +0000] "POST /api/v1/cart/remove/6215178d05253301a4fda5c4 HTTP/1.1" 200 817 "-" "PostmanRuntime/7.30.0"

info: ::1 - - [11/Jan/2023:10:48:43 +0000] "POST /api/v1/users/signup HTTP/1.1" 201 322 "-" "PostmanRuntime/7.30.0"

info: ::1 - - [11/Jan/2023:10:49:09 +0000] "POST /api/v1/users/signin HTTP/1.1" 200 273 "-" "PostmanRuntime/7.30.0"

info: ::1 - - [11/Jan/2023:10:49:48 +0000] "POST /api/v1/cart/6215178d05253301a4fda5c4 HTTP/1.1" 200 370 "-" "PostmanRuntime/7.30.0"

info: ::1 - - [11/Jan/2023:10:52:06 +0000] "POST /api/v1/cart/6215892405253301a4fda5d HTTP/1.1" 500 146 "-" "PostmanRuntime/7.30.0"

info: ::1 - - [11/Jan/2023:10:54:18 +0000] "POST /api/v1/cart/6215892405253301a4fda5d HTTP/1.1" 500 146 "-" "PostmanRuntime/7.30.0"

info: ::1 - - [11/Jan/2023:10:55:00 +0000] "POST /api/v1/cart/6215892405253301a4fda5d HTTP/1.1" 500 146 "-" "PostmanRuntime/7.30.0"

info: ::1 - - [11/Jan/2023:10:56:56 +0000] "POST /api/v1/cart/6215892405253301a4fda5d2 HTTP/1.1" 200 513 "-" "PostmanRuntime/7.30.0"

info: ::1 - - [11/Jan/2023:10:58:46 +0000] "POST /api/v1/cart/ HTTP/1.1" 404 47 "-" "PostmanRuntime/7.30.0"

info: ::1 - - [11/Jan/2023:10:58:53 +0000] "POST /api/v1/cart/4543 HTTP/1.1" 500 127 "-" "PostmanRuntime/7.30.0"

info: ::1 - - [11/Jan/2023:10:59:33 +0000] "POST /api/v1/cart/6215892405253301a4fda5d2 HTTP/1.1" 200 513 "-" "PostmanRuntime/7.30.0"

info: ::1 - - [11/Jan/2023:11:03:04 +0000] "POST /api/v1/cart/6215892405253301a4fda5 HTTP/1.1" 500 145 "-" "PostmanRuntime/7.30.0"

info: ::1 - - [11/Jan/2023:11:03:57 +0000] "POST /api/v1/cart/6215892405253301a4fda5 HTTP/1.1" 500 145 "-" "PostmanRuntime/7.30.0"

info: ::1 - - [11/Jan/2023:11:04:49 +0000] "POST /api/v1/cart/6215892405253301a4fda5 HTTP/1.1" 500 145 "-" "PostmanRuntime/7.30.0"

info: ::1 - - [11/Jan/2023:11:17:51 +0000] "POST /api/v1/cart/6215892405253301a4fda5d2 HTTP/1.1" 200 513 "-" "PostmanRuntime/7.30.0"

info: ::1 - - [11/Jan/2023:11:18:26 +0000] "POST /api/v1/cart/6215178d05253301a4fda5c4 HTTP/1.1" 200 513 "-" "PostmanRuntime/7.30.0"

info: ::1 - - [11/Jan/2023:11:21:14 +0000] "POST /api/v1/cart/6215178d05253301a4fda5c4 HTTP/1.1" 200 513 "-" "PostmanRuntime/7.30.0"

info: ::1 - - [11/Jan/2023:11:22:14 +0000] "POST /api/v1/cart/6215888305253301a4fda5cd HTTP/1.1" 200 689 "-" "PostmanRuntime/7.30.0"

info: ::1 - - [11/Jan/2023:11:23:03 +0000] "POST /api/v1/cart/remove/6215888305253301a4fda5cd HTTP/1.1" 200 517 "-" "PostmanRuntime/7.30.0"

info: ::1 - - [11/Jan/2023:11:23:23 +0000] "POST /api/v1/cart/6215888305253301a4fda5cd HTTP/1.1" 200 689 "-" "PostmanRuntime/7.30.0"

info: ::1 - - [11/Jan/2023:11:23:48 +0000] "POST /api/v1/cart/remove/6215178d05253301a4fda5c4 HTTP/1.1" 200 693 "-" "PostmanRuntime/7.30.0"

