info: ::1 - - [18/Jan/2023:18:36:52 +0000] "GET /api/v1/book/allbook HTTP/1.1" 304 - "http://localhost:4200/" "Mozilla/5.0 (Windows NT 10.0; Win64; x64) AppleWebKit/537.36 (KHTML, like Gecko) Chrome/109.0.0.0 Safari/537.36 Edg/109.0.1518.55"

info: ::1 - - [18/Jan/2023:18:37:58 +0000] "GET /api/v1/book/allbook HTTP/1.1" 304 - "http://localhost:4200/" "Mozilla/5.0 (Windows NT 10.0; Win64; x64) AppleWebKit/537.36 (KHTML, like Gecko) Chrome/109.0.0.0 Safari/537.36 Edg/109.0.1518.55"

info: ::1 - - [18/Jan/2023:18:38:12 +0000] "GET /api/v1/book/allbook HTTP/1.1" 304 - "http://localhost:4200/" "Mozilla/5.0 (Windows NT 10.0; Win64; x64) AppleWebKit/537.36 (KHTML, like Gecko) Chrome/109.0.0.0 Safari/537.36 Edg/109.0.1518.55"

info: ::1 - - [18/Jan/2023:19:37:34 +0000] "GET /api/v1/book/allbook HTTP/1.1" 304 - "http://localhost:4200/" "Mozilla/5.0 (Windows NT 10.0; Win64; x64) AppleWebKit/537.36 (KHTML, like Gecko) Chrome/109.0.0.0 Safari/537.36 Edg/109.0.1518.55"

info: ::1 - - [19/Jan/2023:02:36:28 +0000] "POST /api/v1/users/signin HTTP/1.1" 200 246 "http://localhost:4200/" "Mozilla/5.0 (Windows NT 10.0; Win64; x64) AppleWebKit/537.36 (KHTML, like Gecko) Chrome/109.0.0.0 Safari/537.36 Edg/109.0.1518.55"

info: ::1 - - [19/Jan/2023:02:36:28 +0000] "GET /api/v1/book/allbook HTTP/1.1" 304 - "http://localhost:4200/" "Mozilla/5.0 (Windows NT 10.0; Win64; x64) AppleWebKit/537.36 (KHTML, like Gecko) Chrome/109.0.0.0 Safari/537.36 Edg/109.0.1518.55"

info: ::1 - - [19/Jan/2023:02:36:33 +0000] "GET /api/v1/book/allbook HTTP/1.1" 304 - "http://localhost:4200/" "Mozilla/5.0 (Windows NT 10.0; Win64; x64) AppleWebKit/537.36 (KHTML, like Gecko) Chrome/109.0.0.0 Safari/537.36 Edg/109.0.1518.55"

info: ::1 - - [19/Jan/2023:02:36:37 +0000] "GET /api/v1/book/allbook HTTP/1.1" 304 - "http://localhost:4200/" "Mozilla/5.0 (Windows NT 10.0; Win64; x64) AppleWebKit/537.36 (KHTML, like Gecko) Chrome/109.0.0.0 Safari/537.36 Edg/109.0.1518.55"

info: ::1 - - [19/Jan/2023:02:44:10 +0000] "GET /api/v1/book/allbook HTTP/1.1" 304 - "http://localhost:4200/" "Mozilla/5.0 (Windows NT 10.0; Win64; x64) AppleWebKit/537.36 (KHTML, like Gecko) Chrome/109.0.0.0 Safari/537.36 Edg/109.0.1518.55"

info: ::1 - - [19/Jan/2023:02:44:19 +0000] "GET /api/v1/book/allbook HTTP/1.1" 304 - "http://localhost:4200/" "Mozilla/5.0 (Windows NT 10.0; Win64; x64) AppleWebKit/537.36 (KHTML, like Gecko) Chrome/109.0.0.0 Safari/537.36 Edg/109.0.1518.55"

info: ::1 - - [19/Jan/2023:05:18:48 +0000] "POST /api/v1/users/signin HTTP/1.1" 200 247 "-" "PostmanRuntime/7.30.0"

info: ::1 - - [19/Jan/2023:05:19:38 +0000] "POST /api/v1/cart/621588f105253301a4fda5d0 HTTP/1.1" 200 812 "-" "PostmanRuntime/7.30.0"

info: ::1 - - [19/Jan/2023:05:19:51 +0000] "POST /api/v1/cart/621588f105253301a4fda5d0 HTTP/1.1" 200 812 "-" "PostmanRuntime/7.30.0"

info: ::1 - - [19/Jan/2023:05:20:05 +0000] "POST /api/v1/cart/6215178d05253301a4fda5c4 HTTP/1.1" 200 812 "-" "PostmanRuntime/7.30.0"

info: ::1 - - [19/Jan/2023:05:20:20 +0000] "POST /api/v1/cart/6215898705253301a4fda5d6 HTTP/1.1" 200 812 "-" "PostmanRuntime/7.30.0"

info: ::1 - - [19/Jan/2023:05:23:13 +0000] "POST /api/v1/cart/62158a4505253301a4fda5de HTTP/1.1" 200 963 "-" "PostmanRuntime/7.30.0"

info: ::1 - - [19/Jan/2023:05:25:42 +0000] "POST /api/v1/cart/62158a4505253301a4fda5de HTTP/1.1" 200 964 "-" "PostmanRuntime/7.30.0"

info: ::1 - - [19/Jan/2023:05:27:07 +0000] "POST /api/v1/cart/6214803b05253301a4fda584 HTTP/1.1" 200 2096 "-" "PostmanRuntime/7.30.0"

info: ::1 - - [19/Jan/2023:05:29:23 +0000] "POST /api/v1/cart/6214803b05253301a4fda584 HTTP/1.1" 200 2096 "-" "PostmanRuntime/7.30.0"

info: ::1 - - [19/Jan/2023:05:32:14 +0000] "POST /api/v1/cart/6214803b05253301a4fda584 HTTP/1.1" 200 2096 "-" "PostmanRuntime/7.30.0"

info: ::1 - - [19/Jan/2023:05:36:07 +0000] "POST /api/v1/cart/6214803b05253301a4fda584 HTTP/1.1" 200 2096 "-" "PostmanRuntime/7.30.0"

info: ::1 - - [19/Jan/2023:05:38:11 +0000] "POST /api/v1/cart/6214803b05253301a4fda584 HTTP/1.1" 200 2096 "-" "PostmanRuntime/7.30.0"

info: ::1 - - [19/Jan/2023:05:38:52 +0000] "POST /api/v1/cart/6215178d05253301a4fda5c4 HTTP/1.1" 200 2096 "-" "PostmanRuntime/7.30.0"

info: ::1 - - [19/Jan/2023:05:42:46 +0000] "POST /api/v1/cart/6214803b05253301a4fda584 HTTP/1.1" 500 52 "-" "PostmanRuntime/7.30.0"

info: ::1 - - [19/Jan/2023:05:43:07 +0000] "POST /api/v1/cart/6215890d05253301a4fda5d1 HTTP/1.1" 200 2247 "-" "PostmanRuntime/7.30.0"

info: ::1 - - [19/Jan/2023:05:52:05 +0000] "GET /api/v1/cart/purchase HTTP/1.1" 404 47 "-" "PostmanRuntime/7.30.0"

info: ::1 - - [19/Jan/2023:05:52:16 +0000] "GET /api/v1/cart HTTP/1.1" 404 47 "-" "PostmanRuntime/7.30.0"

info: ::1 - - [19/Jan/2023:05:52:58 +0000] "GET /api/v1/cart HTTP/1.1" 404 47 "-" "PostmanRuntime/7.30.0"

info: ::1 - - [19/Jan/2023:05:53:08 +0000] "GET /api/v1/cart/get HTTP/1.1" 200 2249 "-" "PostmanRuntime/7.30.0"

