info: Server started at http://localhost:3000/api/v1/ {"timestamp":"2023-01-14T00:28:14.443Z"}
info: Connected to the database. {"timestamp":"2023-01-14T00:28:17.189Z"}
info: Server started at http://localhost:3000/api/v1/ {"timestamp":"2023-01-14T00:34:16.923Z"}
info: Connected to the database. {"timestamp":"2023-01-14T00:34:21.155Z"}
info: Server started at http://localhost:3000/api/v1/ {"timestamp":"2023-01-14T00:35:00.222Z"}
info: Connected to the database. {"timestamp":"2023-01-14T00:35:03.680Z"}
info: Server started at http://localhost:3000/api/v1/ {"timestamp":"2023-01-14T04:33:37.375Z"}
info: Connected to the database. {"timestamp":"2023-01-14T04:33:40.019Z"}
info: Server started at http://localhost:3000/api/v1/ {"timestamp":"2023-01-14T04:39:28.032Z"}
info: Connected to the database. {"timestamp":"2023-01-14T04:39:30.840Z"}
info: Server started at http://localhost:3000/api/v1/ {"timestamp":"2023-01-14T04:40:20.935Z"}
info: Connected to the database. {"timestamp":"2023-01-14T04:40:23.587Z"}
info: Server started at http://localhost:3000/api/v1/ {"timestamp":"2023-01-14T04:41:39.337Z"}
info: Connected to the database. {"timestamp":"2023-01-14T04:41:42.197Z"}
info: Server started at http://localhost:3000/api/v1/ {"timestamp":"2023-01-14T04:41:46.605Z"}
info: Connected to the database. {"timestamp":"2023-01-14T04:41:49.092Z"}
info: Server started at http://localhost:3000/api/v1/ {"timestamp":"2023-01-14T04:43:41.978Z"}
info: Connected to the database. {"timestamp":"2023-01-14T04:43:44.785Z"}
info: Server started at http://localhost:3000/api/v1/ {"timestamp":"2023-01-14T04:50:52.469Z"}
info: Connected to the database. {"timestamp":"2023-01-14T04:50:55.051Z"}
error: 
    status - 500 
    message - Error: Book all ready exist in wishlist 
    at _callee$ (D:\NodeJS\BookStore\src\services\/wishlist.service.js:30:23)
    at tryCatch (D:\NodeJS\BookStore\node_modules\@babel\runtime\helpers\regeneratorRuntime.js:44:17)
    at Generator.<anonymous> (D:\NodeJS\BookStore\node_modules\@babel\runtime\helpers\regeneratorRuntime.js:125:22)
    at Generator.next (D:\NodeJS\BookStore\node_modules\@babel\runtime\helpers\regeneratorRuntime.js:69:21)
    at asyncGeneratorStep (D:\NodeJS\BookStore\node_modules\@babel\runtime\helpers\asyncToGenerator.js:3:24)
    at _next (D:\NodeJS\BookStore\node_modules\@babel\runtime\helpers\asyncToGenerator.js:22:9)
    at processTicksAndRejections (node:internal/process/task_queues:95:5) 
    url - /api/v1/wishlist/621588af05253301a4fda5ce 
    method - POST 
    IP - ::1
   {"timestamp":"2023-01-14T05:02:57.464Z"}
