info: Server started at http://localhost:3000/api/v1/ {"timestamp":"2023-01-10T02:16:58.875Z"}
info: Connected to the database. {"timestamp":"2023-01-10T02:17:02.460Z"}
error: 
    status - 500 
    message - Error: Enter Password is invalid
    at _callee2$ (D:\NodeJS\BookStore\src\services\/user.service.js:31:13)
    at tryCatch (D:\NodeJS\BookStore\node_modules\@babel\runtime\helpers\regeneratorRuntime.js:44:17)
    at Generator.<anonymous> (D:\NodeJS\BookStore\node_modules\@babel\runtime\helpers\regeneratorRuntime.js:125:22)
    at Generator.next (D:\NodeJS\BookStore\node_modules\@babel\runtime\helpers\regeneratorRuntime.js:69:21)
    at asyncGeneratorStep (D:\NodeJS\BookStore\node_modules\@babel\runtime\helpers\asyncToGenerator.js:3:24)
    at _next (D:\NodeJS\BookStore\node_modules\@babel\runtime\helpers\asyncToGenerator.js:22:9) 
    url - /api/v1/users/signin 
    method - POST 
    IP - ::1
   {"timestamp":"2023-01-10T02:21:50.782Z"}
info: Server started at http://localhost:3000/api/v1/ {"timestamp":"2023-01-10T03:03:46.522Z"}
info: Connected to the database. {"timestamp":"2023-01-10T03:03:50.193Z"}
info: Server started at http://localhost:3000/api/v1/ {"timestamp":"2023-01-10T03:05:07.099Z"}
info: Connected to the database. {"timestamp":"2023-01-10T03:05:10.414Z"}
info: Server started at http://localhost:3000/api/v1/ {"timestamp":"2023-01-10T03:05:29.207Z"}
info: Connected to the database. {"timestamp":"2023-01-10T03:05:32.280Z"}
info: Server started at http://localhost:3000/api/v1/ {"timestamp":"2023-01-10T03:06:55.342Z"}
info: Connected to the database. {"timestamp":"2023-01-10T03:06:59.384Z"}
info: Server started at http://localhost:3000/api/v1/ {"timestamp":"2023-01-10T03:08:36.379Z"}
info: Connected to the database. {"timestamp":"2023-01-10T03:08:39.607Z"}
