info: Server started at http://localhost:3000/api/v1/ {"timestamp":"2023-01-09T09:14:46.351Z"}
info: Connected to the database. {"timestamp":"2023-01-09T09:14:55.049Z"}
info: Server started at http://localhost:3000/api/v1/ {"timestamp":"2023-01-09T09:21:48.922Z"}
info: Connected to the database. {"timestamp":"2023-01-09T09:21:57.472Z"}
error: 
    status - 500 
    message - CastError: Cast to ObjectId failed for value "signup" (type string) at path "_id" for model "User"
    at model.Query.exec (D:\NodeJS\BookStore\node_modules\mongoose\lib\query.js:4498:21)
    at model.Query.Query.then (D:\NodeJS\BookStore\node_modules\mongoose\lib\query.js:4592:15)
    at processTicksAndRejections (node:internal/process/task_queues:95:5) 
    url - /api/v1/users/signup 
    method - GET 
    IP - ::1
   {"timestamp":"2023-01-09T09:23:07.759Z"}
error: 
    status - 500 
    message - Error: Already Exist EmailId
    at _callee2$ (D:\NodeJS\BookStore\src\services\/user.service.js:13:11)
    at tryCatch (D:\NodeJS\BookStore\node_modules\@babel\runtime\helpers\regeneratorRuntime.js:44:17)
    at Generator.<anonymous> (D:\NodeJS\BookStore\node_modules\@babel\runtime\helpers\regeneratorRuntime.js:125:22)
    at Generator.next (D:\NodeJS\BookStore\node_modules\@babel\runtime\helpers\regeneratorRuntime.js:69:21)
    at asyncGeneratorStep (D:\NodeJS\BookStore\node_modules\@babel\runtime\helpers\asyncToGenerator.js:3:24)
    at _next (D:\NodeJS\BookStore\node_modules\@babel\runtime\helpers\asyncToGenerator.js:22:9)
    at processTicksAndRejections (node:internal/process/task_queues:95:5) 
    url - /api/v1/users/signup 
    method - POST 
    IP - ::1
   {"timestamp":"2023-01-09T09:24:10.191Z"}
info: Server started at http://localhost:3000/api/v1/ {"timestamp":"2023-01-09T09:26:11.203Z"}
info: Connected to the database. {"timestamp":"2023-01-09T09:26:16.636Z"}
info: Server started at http://localhost:3000/api/v1/ {"timestamp":"2023-01-09T09:29:38.657Z"}
info: Connected to the database. {"timestamp":"2023-01-09T09:29:42.017Z"}
info: Server started at http://localhost:3000/api/v1/ {"timestamp":"2023-01-09T09:31:03.736Z"}
info: Connected to the database. {"timestamp":"2023-01-09T09:31:12.078Z"}
info: Server started at http://localhost:3000/api/v1/ {"timestamp":"2023-01-09T09:32:07.911Z"}
info: Connected to the database. {"timestamp":"2023-01-09T09:32:16.319Z"}
error: 
    status - 500 
    message - Error: Already Exist EmailId
    at _callee2$ (D:\NodeJS\BookStore\src\services\/user.service.js:13:11)
    at tryCatch (D:\NodeJS\BookStore\node_modules\@babel\runtime\helpers\regeneratorRuntime.js:44:17)
    at Generator.<anonymous> (D:\NodeJS\BookStore\node_modules\@babel\runtime\helpers\regeneratorRuntime.js:125:22)
    at Generator.next (D:\NodeJS\BookStore\node_modules\@babel\runtime\helpers\regeneratorRuntime.js:69:21)
    at asyncGeneratorStep (D:\NodeJS\BookStore\node_modules\@babel\runtime\helpers\asyncToGenerator.js:3:24)
    at _next (D:\NodeJS\BookStore\node_modules\@babel\runtime\helpers\asyncToGenerator.js:22:9)
    at processTicksAndRejections (node:internal/process/task_queues:95:5) 
    url - /api/v1/users/signup 
    method - POST 
    IP - ::1
   {"timestamp":"2023-01-09T09:32:22.881Z"}
info: Server started at http://localhost:3000/api/v1/ {"timestamp":"2023-01-09T09:33:53.178Z"}
info: Connected to the database. {"timestamp":"2023-01-09T09:33:56.546Z"}
info: Server started at http://localhost:3000/api/v1/ {"timestamp":"2023-01-09T09:35:50.020Z"}
info: Connected to the database. {"timestamp":"2023-01-09T09:35:58.299Z"}
info: Server started at http://localhost:3000/api/v1/ {"timestamp":"2023-01-09T09:37:13.759Z"}
info: Connected to the database. {"timestamp":"2023-01-09T09:37:21.921Z"}
info: Server started at http://localhost:3000/api/v1/ {"timestamp":"2023-01-09T09:44:02.975Z"}
info: Connected to the database. {"timestamp":"2023-01-09T09:44:08.407Z"}
info: Server started at http://localhost:3000/api/v1/ {"timestamp":"2023-01-09T09:44:17.569Z"}
info: Server started at http://localhost:3000/api/v1/ {"timestamp":"2023-01-09T09:44:24.812Z"}
info: Connected to the database. {"timestamp":"2023-01-09T09:44:27.955Z"}
info: Server started at http://localhost:3000/api/v1/ {"timestamp":"2023-01-09T09:57:48.765Z"}
info: Connected to the database. {"timestamp":"2023-01-09T09:57:57.238Z"}
info: Server started at http://localhost:3000/api/v1/ {"timestamp":"2023-01-09T10:50:33.537Z"}
info: Connected to the database. {"timestamp":"2023-01-09T10:50:41.863Z"}
error: 
    status - 500 
    message - ReferenceError: bcrypt is not defined
    at _callee$ (D:\NodeJS\BookStore\src\services\/user.service.js:11:26)
    at tryCatch (D:\NodeJS\BookStore\node_modules\@babel\runtime\helpers\regeneratorRuntime.js:44:17)
    at Generator.<anonymous> (D:\NodeJS\BookStore\node_modules\@babel\runtime\helpers\regeneratorRuntime.js:125:22)
    at Generator.next (D:\NodeJS\BookStore\node_modules\@babel\runtime\helpers\regeneratorRuntime.js:69:21)
    at asyncGeneratorStep (D:\NodeJS\BookStore\node_modules\@babel\runtime\helpers\asyncToGenerator.js:3:24)
    at _next (D:\NodeJS\BookStore\node_modules\@babel\runtime\helpers\asyncToGenerator.js:22:9)
    at processTicksAndRejections (node:internal/process/task_queues:95:5) 
    url - /api/v1/users/signup 
    method - POST 
    IP - ::1
   {"timestamp":"2023-01-09T10:55:09.709Z"}
info: Server started at http://localhost:3000/api/v1/ {"timestamp":"2023-01-09T14:13:21.796Z"}
info: Connected to the database. {"timestamp":"2023-01-09T14:13:24.670Z"}
error: 
    status - 500 
    message - ReferenceError: bcrypt is not defined
    at _callee$ (D:\NodeJS\BookStore\src\services\/user.service.js:11:26)
    at tryCatch (D:\NodeJS\BookStore\node_modules\@babel\runtime\helpers\regeneratorRuntime.js:44:17)
    at Generator.<anonymous> (D:\NodeJS\BookStore\node_modules\@babel\runtime\helpers\regeneratorRuntime.js:125:22)
    at Generator.next (D:\NodeJS\BookStore\node_modules\@babel\runtime\helpers\regeneratorRuntime.js:69:21)
    at asyncGeneratorStep (D:\NodeJS\BookStore\node_modules\@babel\runtime\helpers\asyncToGenerator.js:3:24)
    at _next (D:\NodeJS\BookStore\node_modules\@babel\runtime\helpers\asyncToGenerator.js:22:9)
    at processTicksAndRejections (node:internal/process/task_queues:95:5) 
    url - /api/v1/users/signup 
    method - POST 
    IP - ::1
   {"timestamp":"2023-01-09T14:15:51.669Z"}
info: Server started at http://localhost:3000/api/v1/ {"timestamp":"2023-01-09T14:16:16.884Z"}
info: Connected to the database. {"timestamp":"2023-01-09T14:16:19.984Z"}
error: 
    status - 500 
    message - TypeError: Cannot read properties of null (reading 'length')
    at _callee2$ (D:\NodeJS\BookStore\src\services\/user.service.js:24:12)
    at tryCatch (D:\NodeJS\BookStore\node_modules\@babel\runtime\helpers\regeneratorRuntime.js:44:17)
    at Generator.<anonymous> (D:\NodeJS\BookStore\node_modules\@babel\runtime\helpers\regeneratorRuntime.js:125:22)
    at Generator.next (D:\NodeJS\BookStore\node_modules\@babel\runtime\helpers\regeneratorRuntime.js:69:21)
    at asyncGeneratorStep (D:\NodeJS\BookStore\node_modules\@babel\runtime\helpers\asyncToGenerator.js:3:24)
    at _next (D:\NodeJS\BookStore\node_modules\@babel\runtime\helpers\asyncToGenerator.js:22:9)
    at processTicksAndRejections (node:internal/process/task_queues:95:5) 
    url - /api/v1/users/signin 
    method - POST 
    IP - ::1
   {"timestamp":"2023-01-09T14:22:37.155Z"}
error: 
    status - 500 
    message - TypeError: Cannot read properties of null (reading 'length')
    at _callee2$ (D:\NodeJS\BookStore\src\services\/user.service.js:24:12)
    at tryCatch (D:\NodeJS\BookStore\node_modules\@babel\runtime\helpers\regeneratorRuntime.js:44:17)
    at Generator.<anonymous> (D:\NodeJS\BookStore\node_modules\@babel\runtime\helpers\regeneratorRuntime.js:125:22)
    at Generator.next (D:\NodeJS\BookStore\node_modules\@babel\runtime\helpers\regeneratorRuntime.js:69:21)
    at asyncGeneratorStep (D:\NodeJS\BookStore\node_modules\@babel\runtime\helpers\asyncToGenerator.js:3:24)
    at _next (D:\NodeJS\BookStore\node_modules\@babel\runtime\helpers\asyncToGenerator.js:22:9)
    at processTicksAndRejections (node:internal/process/task_queues:95:5) 
    url - /api/v1/users/signin 
    method - POST 
    IP - ::1
   {"timestamp":"2023-01-09T14:24:08.458Z"}
info: Server started at http://localhost:3000/api/v1/ {"timestamp":"2023-01-09T14:24:59.026Z"}
info: Connected to the database. {"timestamp":"2023-01-09T14:25:01.762Z"}
error: 
    status - 500 
    message - TypeError: Cannot read properties of null (reading 'length')
    at _callee2$ (D:\NodeJS\BookStore\src\services\/user.service.js:24:20)
    at tryCatch (D:\NodeJS\BookStore\node_modules\@babel\runtime\helpers\regeneratorRuntime.js:44:17)
    at Generator.<anonymous> (D:\NodeJS\BookStore\node_modules\@babel\runtime\helpers\regeneratorRuntime.js:125:22)
    at Generator.next (D:\NodeJS\BookStore\node_modules\@babel\runtime\helpers\regeneratorRuntime.js:69:21)
    at asyncGeneratorStep (D:\NodeJS\BookStore\node_modules\@babel\runtime\helpers\asyncToGenerator.js:3:24)
    at _next (D:\NodeJS\BookStore\node_modules\@babel\runtime\helpers\asyncToGenerator.js:22:9)
    at processTicksAndRejections (node:internal/process/task_queues:95:5) 
    url - /api/v1/users/signin 
    method - POST 
    IP - ::1
   {"timestamp":"2023-01-09T14:25:10.131Z"}
info: Server started at http://localhost:3000/api/v1/ {"timestamp":"2023-01-09T14:26:49.860Z"}
info: Connected to the database. {"timestamp":"2023-01-09T14:26:52.608Z"}
error: 
    status - 500 
    message - TypeError: Cannot read properties of null (reading 'length')
    at _callee2$ (D:\NodeJS\BookStore\src\services\/user.service.js:25:12)
    at tryCatch (D:\NodeJS\BookStore\node_modules\@babel\runtime\helpers\regeneratorRuntime.js:44:17)
    at Generator.<anonymous> (D:\NodeJS\BookStore\node_modules\@babel\runtime\helpers\regeneratorRuntime.js:125:22)
    at Generator.next (D:\NodeJS\BookStore\node_modules\@babel\runtime\helpers\regeneratorRuntime.js:69:21)
    at asyncGeneratorStep (D:\NodeJS\BookStore\node_modules\@babel\runtime\helpers\asyncToGenerator.js:3:24)
    at _next (D:\NodeJS\BookStore\node_modules\@babel\runtime\helpers\asyncToGenerator.js:22:9)
    at processTicksAndRejections (node:internal/process/task_queues:95:5) 
    url - /api/v1/users/signin 
    method - POST 
    IP - ::1
   {"timestamp":"2023-01-09T14:27:03.003Z"}
info: Server started at http://localhost:3000/api/v1/ {"timestamp":"2023-01-09T14:28:14.295Z"}
info: Connected to the database. {"timestamp":"2023-01-09T14:28:17.060Z"}
error: 
    status - 500 
    message - TypeError: Cannot read properties of null (reading 'length')
    at _callee2$ (D:\NodeJS\BookStore\src\services\/user.service.js:25:12)
    at tryCatch (D:\NodeJS\BookStore\node_modules\@babel\runtime\helpers\regeneratorRuntime.js:44:17)
    at Generator.<anonymous> (D:\NodeJS\BookStore\node_modules\@babel\runtime\helpers\regeneratorRuntime.js:125:22)
    at Generator.next (D:\NodeJS\BookStore\node_modules\@babel\runtime\helpers\regeneratorRuntime.js:69:21)
    at asyncGeneratorStep (D:\NodeJS\BookStore\node_modules\@babel\runtime\helpers\asyncToGenerator.js:3:24)
    at _next (D:\NodeJS\BookStore\node_modules\@babel\runtime\helpers\asyncToGenerator.js:22:9)
    at processTicksAndRejections (node:internal/process/task_queues:95:5) 
    url - /api/v1/users/signin 
    method - POST 
    IP - ::1
   {"timestamp":"2023-01-09T14:28:39.929Z"}
info: Server started at http://localhost:3000/api/v1/ {"timestamp":"2023-01-09T14:29:15.365Z"}
info: Connected to the database. {"timestamp":"2023-01-09T14:29:18.009Z"}
info: Server started at http://localhost:3000/api/v1/ {"timestamp":"2023-01-09T14:30:04.267Z"}
info: Connected to the database. {"timestamp":"2023-01-09T14:30:06.905Z"}
info: Server started at http://localhost:3000/api/v1/ {"timestamp":"2023-01-09T14:30:48.325Z"}
info: Connected to the database. {"timestamp":"2023-01-09T14:30:51.120Z"}
error: 
    status - 500 
    message - TypeError: Cannot read properties of null (reading 'length')
    at _callee2$ (D:\NodeJS\BookStore\src\services\/user.service.js:25:12)
    at tryCatch (D:\NodeJS\BookStore\node_modules\@babel\runtime\helpers\regeneratorRuntime.js:44:17)
    at Generator.<anonymous> (D:\NodeJS\BookStore\node_modules\@babel\runtime\helpers\regeneratorRuntime.js:125:22)
    at Generator.next (D:\NodeJS\BookStore\node_modules\@babel\runtime\helpers\regeneratorRuntime.js:69:21)
    at asyncGeneratorStep (D:\NodeJS\BookStore\node_modules\@babel\runtime\helpers\asyncToGenerator.js:3:24)
    at _next (D:\NodeJS\BookStore\node_modules\@babel\runtime\helpers\asyncToGenerator.js:22:9)
    at processTicksAndRejections (node:internal/process/task_queues:95:5) 
    url - /api/v1/users/signin 
    method - POST 
    IP - ::1
   {"timestamp":"2023-01-09T14:31:24.166Z"}
info: Server started at http://localhost:3000/api/v1/ {"timestamp":"2023-01-09T14:32:42.697Z"}
info: Connected to the database. {"timestamp":"2023-01-09T14:32:45.589Z"}
info: Server started at http://localhost:3000/api/v1/ {"timestamp":"2023-01-09T14:33:30.938Z"}
info: Connected to the database. {"timestamp":"2023-01-09T14:33:33.594Z"}
info: Server started at http://localhost:3000/api/v1/ {"timestamp":"2023-01-09T14:34:13.116Z"}
info: Connected to the database. {"timestamp":"2023-01-09T14:34:15.957Z"}
error: 
    status - 500 
    message - Error: Enter Password is invalid
    at _callee2$ (D:\NodeJS\BookStore\src\services\/user.service.js:31:13)
    at tryCatch (D:\NodeJS\BookStore\node_modules\@babel\runtime\helpers\regeneratorRuntime.js:44:17)
    at Generator.<anonymous> (D:\NodeJS\BookStore\node_modules\@babel\runtime\helpers\regeneratorRuntime.js:125:22)
    at Generator.next (D:\NodeJS\BookStore\node_modules\@babel\runtime\helpers\regeneratorRuntime.js:69:21)
    at asyncGeneratorStep (D:\NodeJS\BookStore\node_modules\@babel\runtime\helpers\asyncToGenerator.js:3:24)
    at _next (D:\NodeJS\BookStore\node_modules\@babel\runtime\helpers\asyncToGenerator.js:22:9) 
    url - /api/v1/users/signin 
    method - POST 
    IP - ::1
   {"timestamp":"2023-01-09T14:34:35.151Z"}
info: Server started at http://localhost:3000/api/v1/ {"timestamp":"2023-01-09T14:36:23.163Z"}
info: Connected to the database. {"timestamp":"2023-01-09T14:36:25.763Z"}
error: 
    status - 500 
    message - Error: Enter Password is invalid
    at _callee2$ (D:\NodeJS\BookStore\src\services\/user.service.js:32:13)
    at tryCatch (D:\NodeJS\BookStore\node_modules\@babel\runtime\helpers\regeneratorRuntime.js:44:17)
    at Generator.<anonymous> (D:\NodeJS\BookStore\node_modules\@babel\runtime\helpers\regeneratorRuntime.js:125:22)
    at Generator.next (D:\NodeJS\BookStore\node_modules\@babel\runtime\helpers\regeneratorRuntime.js:69:21)
    at asyncGeneratorStep (D:\NodeJS\BookStore\node_modules\@babel\runtime\helpers\asyncToGenerator.js:3:24)
    at _next (D:\NodeJS\BookStore\node_modules\@babel\runtime\helpers\asyncToGenerator.js:22:9) 
    url - /api/v1/users/signin 
    method - POST 
    IP - ::1
   {"timestamp":"2023-01-09T14:36:49.802Z"}
error: 
    status - 500 
    message - TypeError: Cannot read properties of null (reading 'length')
    at _callee2$ (D:\NodeJS\BookStore\src\services\/user.service.js:24:12)
    at tryCatch (D:\NodeJS\BookStore\node_modules\@babel\runtime\helpers\regeneratorRuntime.js:44:17)
    at Generator.<anonymous> (D:\NodeJS\BookStore\node_modules\@babel\runtime\helpers\regeneratorRuntime.js:125:22)
    at Generator.next (D:\NodeJS\BookStore\node_modules\@babel\runtime\helpers\regeneratorRuntime.js:69:21)
    at asyncGeneratorStep (D:\NodeJS\BookStore\node_modules\@babel\runtime\helpers\asyncToGenerator.js:3:24)
    at _next (D:\NodeJS\BookStore\node_modules\@babel\runtime\helpers\asyncToGenerator.js:22:9)
    at processTicksAndRejections (node:internal/process/task_queues:95:5) 
    url - /api/v1/users/signin 
    method - POST 
    IP - ::1
   {"timestamp":"2023-01-09T14:37:15.156Z"}
info: Server started at http://localhost:3000/api/v1/ {"timestamp":"2023-01-09T14:38:04.073Z"}
info: Connected to the database. {"timestamp":"2023-01-09T14:38:06.889Z"}
info: Server started at http://localhost:3000/api/v1/ {"timestamp":"2023-01-09T14:38:31.970Z"}
info: Server started at http://localhost:3000/api/v1/ {"timestamp":"2023-01-09T14:38:36.602Z"}
info: Connected to the database. {"timestamp":"2023-01-09T14:38:39.387Z"}
info: Server started at http://localhost:3000/api/v1/ {"timestamp":"2023-01-09T14:59:25.756Z"}
info: Connected to the database. {"timestamp":"2023-01-09T14:59:28.412Z"}
error: 
    status - 500 
    message - ReferenceError: sendMail is not defined
    at _callee3$ (D:\NodeJS\BookStore\src\services\/user.service.js:43:92)
    at tryCatch (D:\NodeJS\BookStore\node_modules\@babel\runtime\helpers\regeneratorRuntime.js:44:17)
    at Generator.<anonymous> (D:\NodeJS\BookStore\node_modules\@babel\runtime\helpers\regeneratorRuntime.js:125:22)
    at Generator.next (D:\NodeJS\BookStore\node_modules\@babel\runtime\helpers\regeneratorRuntime.js:69:21)
    at asyncGeneratorStep (D:\NodeJS\BookStore\node_modules\@babel\runtime\helpers\asyncToGenerator.js:3:24)
    at _next (D:\NodeJS\BookStore\node_modules\@babel\runtime\helpers\asyncToGenerator.js:22:9)
    at processTicksAndRejections (node:internal/process/task_queues:95:5) 
    url - /api/v1/users/forgot 
    method - POST 
    IP - ::1
   {"timestamp":"2023-01-09T14:59:57.606Z"}
info: Server started at http://localhost:3000/api/v1/ {"timestamp":"2023-01-09T15:00:19.840Z"}
info: Connected to the database. {"timestamp":"2023-01-09T15:00:22.568Z"}
