error: 
    status - 500 
    message - CastError: Cast to ObjectId failed for value "signup" (type string) at path "_id" for model "User"
    at model.Query.exec (D:\NodeJS\BookStore\node_modules\mongoose\lib\query.js:4498:21)
    at model.Query.Query.then (D:\NodeJS\BookStore\node_modules\mongoose\lib\query.js:4592:15)
    at processTicksAndRejections (node:internal/process/task_queues:95:5) 
    url - /api/v1/users/signup 
    method - GET 
    IP - ::1
   {"timestamp":"2023-01-09T09:23:07.759Z"}
error: 
    status - 500 
    message - Error: Already Exist EmailId
    at _callee2$ (D:\NodeJS\BookStore\src\services\/user.service.js:13:11)
    at tryCatch (D:\NodeJS\BookStore\node_modules\@babel\runtime\helpers\regeneratorRuntime.js:44:17)
    at Generator.<anonymous> (D:\NodeJS\BookStore\node_modules\@babel\runtime\helpers\regeneratorRuntime.js:125:22)
    at Generator.next (D:\NodeJS\BookStore\node_modules\@babel\runtime\helpers\regeneratorRuntime.js:69:21)
    at asyncGeneratorStep (D:\NodeJS\BookStore\node_modules\@babel\runtime\helpers\asyncToGenerator.js:3:24)
    at _next (D:\NodeJS\BookStore\node_modules\@babel\runtime\helpers\asyncToGenerator.js:22:9)
    at processTicksAndRejections (node:internal/process/task_queues:95:5) 
    url - /api/v1/users/signup 
    method - POST 
    IP - ::1
   {"timestamp":"2023-01-09T09:24:10.191Z"}
error: 
    status - 500 
    message - Error: Already Exist EmailId
    at _callee2$ (D:\NodeJS\BookStore\src\services\/user.service.js:13:11)
    at tryCatch (D:\NodeJS\BookStore\node_modules\@babel\runtime\helpers\regeneratorRuntime.js:44:17)
    at Generator.<anonymous> (D:\NodeJS\BookStore\node_modules\@babel\runtime\helpers\regeneratorRuntime.js:125:22)
    at Generator.next (D:\NodeJS\BookStore\node_modules\@babel\runtime\helpers\regeneratorRuntime.js:69:21)
    at asyncGeneratorStep (D:\NodeJS\BookStore\node_modules\@babel\runtime\helpers\asyncToGenerator.js:3:24)
    at _next (D:\NodeJS\BookStore\node_modules\@babel\runtime\helpers\asyncToGenerator.js:22:9)
    at processTicksAndRejections (node:internal/process/task_queues:95:5) 
    url - /api/v1/users/signup 
    method - POST 
    IP - ::1
   {"timestamp":"2023-01-09T09:32:22.881Z"}
error: 
    status - 500 
    message - ReferenceError: bcrypt is not defined
    at _callee$ (D:\NodeJS\BookStore\src\services\/user.service.js:11:26)
    at tryCatch (D:\NodeJS\BookStore\node_modules\@babel\runtime\helpers\regeneratorRuntime.js:44:17)
    at Generator.<anonymous> (D:\NodeJS\BookStore\node_modules\@babel\runtime\helpers\regeneratorRuntime.js:125:22)
    at Generator.next (D:\NodeJS\BookStore\node_modules\@babel\runtime\helpers\regeneratorRuntime.js:69:21)
    at asyncGeneratorStep (D:\NodeJS\BookStore\node_modules\@babel\runtime\helpers\asyncToGenerator.js:3:24)
    at _next (D:\NodeJS\BookStore\node_modules\@babel\runtime\helpers\asyncToGenerator.js:22:9)
    at processTicksAndRejections (node:internal/process/task_queues:95:5) 
    url - /api/v1/users/signup 
    method - POST 
    IP - ::1
   {"timestamp":"2023-01-09T10:55:09.709Z"}
error: 
    status - 500 
    message - ReferenceError: bcrypt is not defined
    at _callee$ (D:\NodeJS\BookStore\src\services\/user.service.js:11:26)
    at tryCatch (D:\NodeJS\BookStore\node_modules\@babel\runtime\helpers\regeneratorRuntime.js:44:17)
    at Generator.<anonymous> (D:\NodeJS\BookStore\node_modules\@babel\runtime\helpers\regeneratorRuntime.js:125:22)
    at Generator.next (D:\NodeJS\BookStore\node_modules\@babel\runtime\helpers\regeneratorRuntime.js:69:21)
    at asyncGeneratorStep (D:\NodeJS\BookStore\node_modules\@babel\runtime\helpers\asyncToGenerator.js:3:24)
    at _next (D:\NodeJS\BookStore\node_modules\@babel\runtime\helpers\asyncToGenerator.js:22:9)
    at processTicksAndRejections (node:internal/process/task_queues:95:5) 
    url - /api/v1/users/signup 
    method - POST 
    IP - ::1
   {"timestamp":"2023-01-09T14:15:51.669Z"}
error: 
    status - 500 
    message - TypeError: Cannot read properties of null (reading 'length')
    at _callee2$ (D:\NodeJS\BookStore\src\services\/user.service.js:24:12)
    at tryCatch (D:\NodeJS\BookStore\node_modules\@babel\runtime\helpers\regeneratorRuntime.js:44:17)
    at Generator.<anonymous> (D:\NodeJS\BookStore\node_modules\@babel\runtime\helpers\regeneratorRuntime.js:125:22)
    at Generator.next (D:\NodeJS\BookStore\node_modules\@babel\runtime\helpers\regeneratorRuntime.js:69:21)
    at asyncGeneratorStep (D:\NodeJS\BookStore\node_modules\@babel\runtime\helpers\asyncToGenerator.js:3:24)
    at _next (D:\NodeJS\BookStore\node_modules\@babel\runtime\helpers\asyncToGenerator.js:22:9)
    at processTicksAndRejections (node:internal/process/task_queues:95:5) 
    url - /api/v1/users/signin 
    method - POST 
    IP - ::1
   {"timestamp":"2023-01-09T14:22:37.155Z"}
error: 
    status - 500 
    message - TypeError: Cannot read properties of null (reading 'length')
    at _callee2$ (D:\NodeJS\BookStore\src\services\/user.service.js:24:12)
    at tryCatch (D:\NodeJS\BookStore\node_modules\@babel\runtime\helpers\regeneratorRuntime.js:44:17)
    at Generator.<anonymous> (D:\NodeJS\BookStore\node_modules\@babel\runtime\helpers\regeneratorRuntime.js:125:22)
    at Generator.next (D:\NodeJS\BookStore\node_modules\@babel\runtime\helpers\regeneratorRuntime.js:69:21)
    at asyncGeneratorStep (D:\NodeJS\BookStore\node_modules\@babel\runtime\helpers\asyncToGenerator.js:3:24)
    at _next (D:\NodeJS\BookStore\node_modules\@babel\runtime\helpers\asyncToGenerator.js:22:9)
    at processTicksAndRejections (node:internal/process/task_queues:95:5) 
    url - /api/v1/users/signin 
    method - POST 
    IP - ::1
   {"timestamp":"2023-01-09T14:24:08.458Z"}
error: 
    status - 500 
    message - TypeError: Cannot read properties of null (reading 'length')
    at _callee2$ (D:\NodeJS\BookStore\src\services\/user.service.js:24:20)
    at tryCatch (D:\NodeJS\BookStore\node_modules\@babel\runtime\helpers\regeneratorRuntime.js:44:17)
    at Generator.<anonymous> (D:\NodeJS\BookStore\node_modules\@babel\runtime\helpers\regeneratorRuntime.js:125:22)
    at Generator.next (D:\NodeJS\BookStore\node_modules\@babel\runtime\helpers\regeneratorRuntime.js:69:21)
    at asyncGeneratorStep (D:\NodeJS\BookStore\node_modules\@babel\runtime\helpers\asyncToGenerator.js:3:24)
    at _next (D:\NodeJS\BookStore\node_modules\@babel\runtime\helpers\asyncToGenerator.js:22:9)
    at processTicksAndRejections (node:internal/process/task_queues:95:5) 
    url - /api/v1/users/signin 
    method - POST 
    IP - ::1
   {"timestamp":"2023-01-09T14:25:10.131Z"}
error: 
    status - 500 
    message - TypeError: Cannot read properties of null (reading 'length')
    at _callee2$ (D:\NodeJS\BookStore\src\services\/user.service.js:25:12)
    at tryCatch (D:\NodeJS\BookStore\node_modules\@babel\runtime\helpers\regeneratorRuntime.js:44:17)
    at Generator.<anonymous> (D:\NodeJS\BookStore\node_modules\@babel\runtime\helpers\regeneratorRuntime.js:125:22)
    at Generator.next (D:\NodeJS\BookStore\node_modules\@babel\runtime\helpers\regeneratorRuntime.js:69:21)
    at asyncGeneratorStep (D:\NodeJS\BookStore\node_modules\@babel\runtime\helpers\asyncToGenerator.js:3:24)
    at _next (D:\NodeJS\BookStore\node_modules\@babel\runtime\helpers\asyncToGenerator.js:22:9)
    at processTicksAndRejections (node:internal/process/task_queues:95:5) 
    url - /api/v1/users/signin 
    method - POST 
    IP - ::1
   {"timestamp":"2023-01-09T14:27:03.003Z"}
error: 
    status - 500 
    message - TypeError: Cannot read properties of null (reading 'length')
    at _callee2$ (D:\NodeJS\BookStore\src\services\/user.service.js:25:12)
    at tryCatch (D:\NodeJS\BookStore\node_modules\@babel\runtime\helpers\regeneratorRuntime.js:44:17)
    at Generator.<anonymous> (D:\NodeJS\BookStore\node_modules\@babel\runtime\helpers\regeneratorRuntime.js:125:22)
    at Generator.next (D:\NodeJS\BookStore\node_modules\@babel\runtime\helpers\regeneratorRuntime.js:69:21)
    at asyncGeneratorStep (D:\NodeJS\BookStore\node_modules\@babel\runtime\helpers\asyncToGenerator.js:3:24)
    at _next (D:\NodeJS\BookStore\node_modules\@babel\runtime\helpers\asyncToGenerator.js:22:9)
    at processTicksAndRejections (node:internal/process/task_queues:95:5) 
    url - /api/v1/users/signin 
    method - POST 
    IP - ::1
   {"timestamp":"2023-01-09T14:28:39.929Z"}
error: 
    status - 500 
    message - TypeError: Cannot read properties of null (reading 'length')
    at _callee2$ (D:\NodeJS\BookStore\src\services\/user.service.js:25:12)
    at tryCatch (D:\NodeJS\BookStore\node_modules\@babel\runtime\helpers\regeneratorRuntime.js:44:17)
    at Generator.<anonymous> (D:\NodeJS\BookStore\node_modules\@babel\runtime\helpers\regeneratorRuntime.js:125:22)
    at Generator.next (D:\NodeJS\BookStore\node_modules\@babel\runtime\helpers\regeneratorRuntime.js:69:21)
    at asyncGeneratorStep (D:\NodeJS\BookStore\node_modules\@babel\runtime\helpers\asyncToGenerator.js:3:24)
    at _next (D:\NodeJS\BookStore\node_modules\@babel\runtime\helpers\asyncToGenerator.js:22:9)
    at processTicksAndRejections (node:internal/process/task_queues:95:5) 
    url - /api/v1/users/signin 
    method - POST 
    IP - ::1
   {"timestamp":"2023-01-09T14:31:24.166Z"}
error: 
    status - 500 
    message - Error: Enter Password is invalid
    at _callee2$ (D:\NodeJS\BookStore\src\services\/user.service.js:31:13)
    at tryCatch (D:\NodeJS\BookStore\node_modules\@babel\runtime\helpers\regeneratorRuntime.js:44:17)
    at Generator.<anonymous> (D:\NodeJS\BookStore\node_modules\@babel\runtime\helpers\regeneratorRuntime.js:125:22)
    at Generator.next (D:\NodeJS\BookStore\node_modules\@babel\runtime\helpers\regeneratorRuntime.js:69:21)
    at asyncGeneratorStep (D:\NodeJS\BookStore\node_modules\@babel\runtime\helpers\asyncToGenerator.js:3:24)
    at _next (D:\NodeJS\BookStore\node_modules\@babel\runtime\helpers\asyncToGenerator.js:22:9) 
    url - /api/v1/users/signin 
    method - POST 
    IP - ::1
   {"timestamp":"2023-01-09T14:34:35.151Z"}
error: 
    status - 500 
    message - Error: Enter Password is invalid
    at _callee2$ (D:\NodeJS\BookStore\src\services\/user.service.js:32:13)
    at tryCatch (D:\NodeJS\BookStore\node_modules\@babel\runtime\helpers\regeneratorRuntime.js:44:17)
    at Generator.<anonymous> (D:\NodeJS\BookStore\node_modules\@babel\runtime\helpers\regeneratorRuntime.js:125:22)
    at Generator.next (D:\NodeJS\BookStore\node_modules\@babel\runtime\helpers\regeneratorRuntime.js:69:21)
    at asyncGeneratorStep (D:\NodeJS\BookStore\node_modules\@babel\runtime\helpers\asyncToGenerator.js:3:24)
    at _next (D:\NodeJS\BookStore\node_modules\@babel\runtime\helpers\asyncToGenerator.js:22:9) 
    url - /api/v1/users/signin 
    method - POST 
    IP - ::1
   {"timestamp":"2023-01-09T14:36:49.802Z"}
error: 
    status - 500 
    message - TypeError: Cannot read properties of null (reading 'length')
    at _callee2$ (D:\NodeJS\BookStore\src\services\/user.service.js:24:12)
    at tryCatch (D:\NodeJS\BookStore\node_modules\@babel\runtime\helpers\regeneratorRuntime.js:44:17)
    at Generator.<anonymous> (D:\NodeJS\BookStore\node_modules\@babel\runtime\helpers\regeneratorRuntime.js:125:22)
    at Generator.next (D:\NodeJS\BookStore\node_modules\@babel\runtime\helpers\regeneratorRuntime.js:69:21)
    at asyncGeneratorStep (D:\NodeJS\BookStore\node_modules\@babel\runtime\helpers\asyncToGenerator.js:3:24)
    at _next (D:\NodeJS\BookStore\node_modules\@babel\runtime\helpers\asyncToGenerator.js:22:9)
    at processTicksAndRejections (node:internal/process/task_queues:95:5) 
    url - /api/v1/users/signin 
    method - POST 
    IP - ::1
   {"timestamp":"2023-01-09T14:37:15.156Z"}
error: 
    status - 500 
    message - ReferenceError: sendMail is not defined
    at _callee3$ (D:\NodeJS\BookStore\src\services\/user.service.js:43:92)
    at tryCatch (D:\NodeJS\BookStore\node_modules\@babel\runtime\helpers\regeneratorRuntime.js:44:17)
    at Generator.<anonymous> (D:\NodeJS\BookStore\node_modules\@babel\runtime\helpers\regeneratorRuntime.js:125:22)
    at Generator.next (D:\NodeJS\BookStore\node_modules\@babel\runtime\helpers\regeneratorRuntime.js:69:21)
    at asyncGeneratorStep (D:\NodeJS\BookStore\node_modules\@babel\runtime\helpers\asyncToGenerator.js:3:24)
    at _next (D:\NodeJS\BookStore\node_modules\@babel\runtime\helpers\asyncToGenerator.js:22:9)
    at processTicksAndRejections (node:internal/process/task_queues:95:5) 
    url - /api/v1/users/forgot 
    method - POST 
    IP - ::1
   {"timestamp":"2023-01-09T14:59:57.606Z"}
error: 
    status - 500 
    message - ValidationError: "confirmPassword" is not allowed 
    url - /api/v1/users/signup 
    method - POST 
    IP - ::1
   {"timestamp":"2023-01-09T15:31:42.805Z"}
error: 
    status - 500 
    message - TypeError: Cannot read properties of null (reading 'password')
    at _callee4$ (D:\NodeJS\BookStore\src\services\/user.service.js:70:20)
    at tryCatch (D:\NodeJS\BookStore\node_modules\@babel\runtime\helpers\regeneratorRuntime.js:44:17)
    at Generator.<anonymous> (D:\NodeJS\BookStore\node_modules\@babel\runtime\helpers\regeneratorRuntime.js:125:22)
    at Generator.next (D:\NodeJS\BookStore\node_modules\@babel\runtime\helpers\regeneratorRuntime.js:69:21)
    at asyncGeneratorStep (D:\NodeJS\BookStore\node_modules\@babel\runtime\helpers\asyncToGenerator.js:3:24)
    at _next (D:\NodeJS\BookStore\node_modules\@babel\runtime\helpers\asyncToGenerator.js:22:9)
    at processTicksAndRejections (node:internal/process/task_queues:95:5) 
    url - /api/v1/users/reset 
    method - PUT 
    IP - ::1
   {"timestamp":"2023-01-09T15:38:34.016Z"}
error: 
    status - 500 
    message - Error: Enter Password is invalid
    at _callee2$ (D:\NodeJS\BookStore\src\services\/user.service.js:31:13)
    at tryCatch (D:\NodeJS\BookStore\node_modules\@babel\runtime\helpers\regeneratorRuntime.js:44:17)
    at Generator.<anonymous> (D:\NodeJS\BookStore\node_modules\@babel\runtime\helpers\regeneratorRuntime.js:125:22)
    at Generator.next (D:\NodeJS\BookStore\node_modules\@babel\runtime\helpers\regeneratorRuntime.js:69:21)
    at asyncGeneratorStep (D:\NodeJS\BookStore\node_modules\@babel\runtime\helpers\asyncToGenerator.js:3:24)
    at _next (D:\NodeJS\BookStore\node_modules\@babel\runtime\helpers\asyncToGenerator.js:22:9) 
    url - /api/v1/users/signin 
    method - POST 
    IP - ::1
   {"timestamp":"2023-01-10T02:21:50.782Z"}
error: 
    status - 500 
    message - TypeError: BookService.getAllBooks is not a function
    at _callee$ (D:\NodeJS\BookStore\src\controllers\/book.controller.js:12:36)
    at tryCatch (D:\NodeJS\BookStore\node_modules\@babel\runtime\helpers\regeneratorRuntime.js:44:17)
    at Generator.<anonymous> (D:\NodeJS\BookStore\node_modules\@babel\runtime\helpers\regeneratorRuntime.js:125:22)
    at Generator.next (D:\NodeJS\BookStore\node_modules\@babel\runtime\helpers\regeneratorRuntime.js:69:21)
    at asyncGeneratorStep (D:\NodeJS\BookStore\node_modules\@babel\runtime\helpers\asyncToGenerator.js:3:24)
    at _next (D:\NodeJS\BookStore\node_modules\@babel\runtime\helpers\asyncToGenerator.js:22:9)
    at D:\NodeJS\BookStore\node_modules\@babel\runtime\helpers\asyncToGenerator.js:27:7
    at new Promise (<anonymous>)
    at D:\NodeJS\BookStore\node_modules\@babel\runtime\helpers\asyncToGenerator.js:19:12
    at getAllBooks (D:\NodeJS\BookStore\src\controllers\/book.controller.js:10:25)
    at Layer.handle [as handle_request] (D:\NodeJS\BookStore\node_modules\express\lib\router\layer.js:95:5)
    at next (D:\NodeJS\BookStore\node_modules\express\lib\router\route.js:144:13)
    at Route.dispatch (D:\NodeJS\BookStore\node_modules\express\lib\router\route.js:114:3)
    at Layer.handle [as handle_request] (D:\NodeJS\BookStore\node_modules\express\lib\router\layer.js:95:5)
    at D:\NodeJS\BookStore\node_modules\express\lib\router\index.js:284:15
    at Function.process_params (D:\NodeJS\BookStore\node_modules\express\lib\router\index.js:346:12)
    at next (D:\NodeJS\BookStore\node_modules\express\lib\router\index.js:280:10)
    at Function.handle (D:\NodeJS\BookStore\node_modules\express\lib\router\index.js:175:3)
    at router (D:\NodeJS\BookStore\node_modules\express\lib\router\index.js:47:12)
    at Layer.handle [as handle_request] (D:\NodeJS\BookStore\node_modules\express\lib\router\layer.js:95:5)
    at trim_prefix (D:\NodeJS\BookStore\node_modules\express\lib\router\index.js:328:13)
    at D:\NodeJS\BookStore\node_modules\express\lib\router\index.js:286:9
    at Function.process_params (D:\NodeJS\BookStore\node_modules\express\lib\router\index.js:346:12)
    at next (D:\NodeJS\BookStore\node_modules\express\lib\router\index.js:280:10)
    at Function.handle (D:\NodeJS\BookStore\node_modules\express\lib\router\index.js:175:3)
    at router (D:\NodeJS\BookStore\node_modules\express\lib\router\index.js:47:12)
    at Layer.handle [as handle_request] (D:\NodeJS\BookStore\node_modules\express\lib\router\layer.js:95:5)
    at trim_prefix (D:\NodeJS\BookStore\node_modules\express\lib\router\index.js:328:13)
    at D:\NodeJS\BookStore\node_modules\express\lib\router\index.js:286:9
    at Function.process_params (D:\NodeJS\BookStore\node_modules\express\lib\router\index.js:346:12)
    at next (D:\NodeJS\BookStore\node_modules\express\lib\router\index.js:280:10)
    at logger (D:\NodeJS\BookStore\node_modules\morgan\index.js:144:5)
    at Layer.handle [as handle_request] (D:\NodeJS\BookStore\node_modules\express\lib\router\layer.js:95:5)
    at trim_prefix (D:\NodeJS\BookStore\node_modules\express\lib\router\index.js:328:13)
    at D:\NodeJS\BookStore\node_modules\express\lib\router\index.js:286:9
    at Function.process_params (D:\NodeJS\BookStore\node_modules\express\lib\router\index.js:346:12)
    at next (D:\NodeJS\BookStore\node_modules\express\lib\router\index.js:280:10)
    at jsonParser (D:\NodeJS\BookStore\node_modules\body-parser\lib\types\json.js:110:7)
    at Layer.handle [as handle_request] (D:\NodeJS\BookStore\node_modules\express\lib\router\layer.js:95:5)
    at trim_prefix (D:\NodeJS\BookStore\node_modules\express\lib\router\index.js:328:13)
    at D:\NodeJS\BookStore\node_modules\express\lib\router\index.js:286:9
    at Function.process_params (D:\NodeJS\BookStore\node_modules\express\lib\router\index.js:346:12)
    at next (D:\NodeJS\BookStore\node_modules\express\lib\router\index.js:280:10)
    at urlencodedParser (D:\NodeJS\BookStore\node_modules\body-parser\lib\types\urlencoded.js:91:7)
    at Layer.handle [as handle_request] (D:\NodeJS\BookStore\node_modules\express\lib\router\layer.js:95:5)
    at trim_prefix (D:\NodeJS\BookStore\node_modules\express\lib\router\index.js:328:13)
    at D:\NodeJS\BookStore\node_modules\express\lib\router\index.js:286:9
    at Function.process_params (D:\NodeJS\BookStore\node_modules\express\lib\router\index.js:346:12)
    at next (D:\NodeJS\BookStore\node_modules\express\lib\router\index.js:280:10)
    at internalNext (D:\NodeJS\BookStore\node_modules\helmet\dist\index.js:142:6) 
    url - /api/v1/book/allbook 
    method - GET 
    IP - ::1
   {"timestamp":"2023-01-10T04:24:06.417Z"}
